<?xml version="1.0" encoding="utf-8"?><testsuites name="pytest tests"><testsuite name="pytest" errors="0" failures="0" skipped="0" tests="5" time="24.842" timestamp="2026-09-11T11:33:42.522231+00:00" hostname="agent-env-5924a6db-6746-445a-85a8-e042183d38b7"><testcase classname="backend.tests.test_iteration_blog_rte_upload.TestImageUpload" name="test_upload_png_success" time="19.110" /><testcase classname="backend.tests.test_iteration_blog_rte_upload.TestImageUpload" name="test_reject_non_image_extension" time="0.327" /><testcase classname="backend.tests.test_iteration_blog_rte_upload.TestImageUpload" name="test_reject_oversize" time="0.863" /><testcase classname="backend.tests.test_iteration_blog_rte_upload.TestImageUpload" name="test_public_get_image" time="0.498" /><testcase classname="backend.tests.test_iteration_blog_rte_upload.TestBlogBodyHtml" name="test_create_update_get_body_html" time="3.934" /></testsuite></testsuites>