<?xml version="1.0" encoding="utf-8"?><testsuites name="pytest tests"><testsuite name="pytest" errors="0" failures="0" skipped="0" tests="7" time="32.219" timestamp="2026-08-23T07:03:53.275172+00:00" hostname="agent-env-5924a6db-6746-445a-85a8-e042183d38b7"><testcase classname="backend.tests.test_forecast_wave2" name="test_buy_list_has_bands_and_past_12" time="27.900" /><testcase classname="backend.tests.test_forecast_wave2" name="test_sku_endpoint_valid" time="0.348" /><testcase classname="backend.tests.test_forecast_wave2" name="test_sku_endpoint_unknown" time="0.320" /><testcase classname="backend.tests.test_forecast_wave2" name="test_sku_endpoint_no_auth" time="0.082" /><testcase classname="backend.tests.test_forecast_wave2" name="test_overview_regression" time="0.000" /><testcase classname="backend.tests.test_forecast_wave2" name="test_season_regression" time="0.305" /><testcase classname="backend.tests.test_forecast_wave2" name="test_cohort_regression" time="3.138" /></testsuite></testsuites>