<?xml version="1.0" encoding="utf-8"?><testsuites name="pytest tests"><testsuite name="pytest" errors="0" failures="0" skipped="0" tests="19" time="3.084" timestamp="2026-04-07T01:31:48.624238+00:00" hostname="agent-env-5924a6db-6746-445a-85a8-e042183d38b7"><testcase classname="backend.tests.test_iteration4_crm.TestCustomerTargets" name="test_get_targets_returns_required_fields" time="0.216" /><testcase classname="backend.tests.test_iteration4_crm.TestCustomerTargets" name="test_targets_has_monthly_sales_array" time="0.130" /><testcase classname="backend.tests.test_iteration4_crm.TestCustomerTargets" name="test_set_target_saves_correctly" time="0.172" /><testcase classname="backend.tests.test_iteration4_crm.TestCustomerTargets" name="test_custom_target_shows_has_custom_target_flag" time="0.317" /><testcase classname="backend.tests.test_iteration4_crm.TestCustomerTargets" name="test_set_target_empty_name_fails" time="0.191" /><testcase classname="backend.tests.test_iteration4_crm.TestLedgerExport" name="test_export_ledger_excel_returns_xlsx" time="0.133" /><testcase classname="backend.tests.test_iteration4_crm.TestLedgerExport" name="test_export_ledger_pdf_returns_pdf" time="0.110" /><testcase classname="backend.tests.test_iteration4_crm.TestLedgerExport" name="test_export_ledger_missing_customer_fails" time="0.223" /><testcase classname="backend.tests.test_iteration4_crm.TestLedgerExport" name="test_export_ledger_nonexistent_customer" time="0.158" /><testcase classname="backend.tests.test_iteration4_crm.TestFollowups" name="test_get_followups_returns_list" time="0.134" /><testcase classname="backend.tests.test_iteration4_crm.TestFollowups" name="test_followup_has_required_fields" time="0.109" /><testcase classname="backend.tests.test_iteration4_crm.TestFollowups" name="test_create_followup_with_customer_name" time="0.265" /><testcase classname="backend.tests.test_iteration4_crm.TestFollowups" name="test_outstanding_provides_customer_names_for_dropdown" time="0.109" /><testcase classname="backend.tests.test_iteration4_crm.TestDashboardReminders" name="test_reminders_endpoint_returns_categories" time="0.111" /><testcase classname="backend.tests.test_iteration4_crm.TestDashboardReminders" name="test_reminders_have_customer_and_date" time="0.111" /><testcase classname="backend.tests.test_iteration4_crm.TestDashboardReminders" name="test_overdue_reminders_are_past_dates" time="0.127" /><testcase classname="backend.tests.test_iteration4_crm.TestDashboardReminders" name="test_today_reminders_are_today" time="0.124" /><testcase classname="backend.tests.test_iteration4_crm.TestOutstandingWithExport" name="test_outstanding_returns_customer_list" time="0.111" /><testcase classname="backend.tests.test_iteration4_crm.TestOutstandingWithExport" name="test_outstanding_has_aging_breakdown" time="0.135" /></testsuite></testsuites>