<?xml version="1.0" encoding="utf-8"?><testsuites name="pytest tests"><testsuite name="pytest" errors="0" failures="1" skipped="0" tests="5" time="43.038" timestamp="2026-07-30T16:38:49.582843+00:00" hostname="agent-env-5924a6db-6746-445a-85a8-e042183d38b7"><testcase classname="backend.tests.test_iteration141_busy_agent_v15_backend_ingest" name="test_enriched_v15_payload_persists_all_fields" time="22.921" /><testcase classname="backend.tests.test_iteration141_busy_agent_v15_backend_ingest" name="test_legacy_v14_payload_still_persists_no_keyerror" time="5.129" /><testcase classname="backend.tests.test_iteration141_busy_agent_v15_backend_ingest" name="test_customers_are_tenant_isolated" time="7.934" /><testcase classname="backend.tests.test_iteration141_busy_agent_v15_backend_ingest" name="test_sync_token_from_tenant_A_cannot_write_for_tenant_B" time="0.237" /><testcase classname="backend.tests.test_iteration141_busy_agent_v15_backend_ingest" name="test_customers_outstanding_surfaces_enriched_fields" time="6.673"><failure message="AssertionError: /customers/outstanding is DROPPING enriched fields: ['mobile_number', 'whatsapp_number', 'email', 'gst_number', 'pan_number', 'address', 'city', 'station', 'pin_code', 'salesman_id', 'salesman_name', 'price_category', 'group_id', 'group_name']. Sync persists them but the read endpoint projects them out.&#10;assert not ['mobile_number', 'whatsapp_number', 'email', 'gst_number', 'pan_number', 'address', ...]">backend/tests/test_iteration141_busy_agent_v15_backend_ingest.py:373: in test_customers_outstanding_surfaces_enriched_fields
    assert not missing, (
E   AssertionError: /customers/outstanding is DROPPING enriched fields: ['mobile_number', 'whatsapp_number', 'email', 'gst_number', 'pan_number', 'address', 'city', 'station', 'pin_code', 'salesman_id', 'salesman_name', 'price_category', 'group_id', 'group_name']. Sync persists them but the read endpoint projects them out.
E   assert not ['mobile_number', 'whatsapp_number', 'email', 'gst_number', 'pan_number', 'address', ...]</failure></testcase></testsuite></testsuites>