<?xml version="1.0" encoding="utf-8"?><testsuites name="pytest tests"><testsuite name="pytest" errors="0" failures="0" skipped="0" tests="14" time="7.019" timestamp="2026-04-11T00:47:20.713763+00:00" hostname="agent-env-5924a6db-6746-445a-85a8-e042183d38b7"><testcase classname="backend.tests.test_iteration29_plan_management.TestPublicPlansEndpoint" name="test_plans_endpoint_returns_all_plans" time="0.218" /><testcase classname="backend.tests.test_iteration29_plan_management.TestPublicPlansEndpoint" name="test_enterprise_annual_price_is_37990" time="0.110" /><testcase classname="backend.tests.test_iteration29_plan_management.TestPublicPlansEndpoint" name="test_starter_plan_limits" time="0.167" /><testcase classname="backend.tests.test_iteration29_plan_management.TestPublicPlansEndpoint" name="test_professional_plan_limits" time="0.190" /><testcase classname="backend.tests.test_iteration29_plan_management.TestPublicPlansEndpoint" name="test_enterprise_plan_limits" time="0.120" /><testcase classname="backend.tests.test_iteration29_plan_management.TestSuperAdminLogin" name="test_superadmin_login" time="0.375" /><testcase classname="backend.tests.test_iteration29_plan_management.TestSuperAdminAdminManagement" name="test_list_admins_shows_plan_info" time="0.394" /><testcase classname="backend.tests.test_iteration29_plan_management.TestSuperAdminAdminManagement" name="test_create_admin_with_starter_plan" time="0.747" /><testcase classname="backend.tests.test_iteration29_plan_management.TestSuperAdminAdminManagement" name="test_create_admin_with_professional_plan" time="0.760" /><testcase classname="backend.tests.test_iteration29_plan_management.TestSuperAdminAdminManagement" name="test_create_admin_with_enterprise_plan" time="0.772" /><testcase classname="backend.tests.test_iteration29_plan_management.TestLoginResponseIncludesPlanInfo" name="test_admin_login_includes_plan_fields" time="0.335" /><testcase classname="backend.tests.test_iteration29_plan_management.TestEmployeeLimitEnforcement" name="test_starter_plan_employee_limit" time="1.766" /><testcase classname="backend.tests.test_iteration29_plan_management.TestConvertProspectWithPlan" name="test_convert_prospect_with_starter_plan" time="0.830" /><testcase classname="backend.tests.test_iteration29_plan_management.TestDemoDataShowsProfessionalFeatures" name="test_demo_data_endpoint" time="0.123" /></testsuite></testsuites>