<?xml version="1.0" encoding="utf-8"?><testsuites name="pytest tests"><testsuite name="pytest" errors="0" failures="0" skipped="0" tests="21" time="8.808" timestamp="2026-04-07T14:42:26.734220+00:00" hostname="agent-env-5924a6db-6746-445a-85a8-e042183d38b7"><testcase classname="tests.test_iteration5_auth.TestAuthLogin" name="test_admin_login_success" time="0.405" /><testcase classname="tests.test_iteration5_auth.TestAuthLogin" name="test_login_wrong_password" time="0.394" /><testcase classname="tests.test_iteration5_auth.TestAuthLogin" name="test_login_nonexistent_user" time="0.105" /><testcase classname="tests.test_iteration5_auth.TestAuthMe" name="test_get_me_with_valid_token" time="0.505" /><testcase classname="tests.test_iteration5_auth.TestAuthMe" name="test_get_me_without_token" time="0.197" /><testcase classname="tests.test_iteration5_auth.TestUserManagement" name="test_list_users_as_admin" time="0.462" /><testcase classname="tests.test_iteration5_auth.TestUserManagement" name="test_list_users_without_auth" time="0.132" /><testcase classname="tests.test_iteration5_auth.TestUserManagement" name="test_create_employee_user" time="1.652" /><testcase classname="tests.test_iteration5_auth.TestUserManagement" name="test_create_user_duplicate_username" time="0.460" /><testcase classname="tests.test_iteration5_auth.TestPasswordManagement" name="test_change_password_wrong_current" time="1.152" /><testcase classname="tests.test_iteration5_auth.TestPasswordManagement" name="test_reset_password_as_admin" time="1.175" /><testcase classname="tests.test_iteration5_auth.TestPasswordManagement" name="test_reset_password_nonexistent_user" time="0.475" /><testcase classname="tests.test_iteration5_auth.TestTallyStatus" name="test_tally_status_shows_connected" time="0.118" /><testcase classname="tests.test_iteration5_auth.TestInventoryEndpoints" name="test_get_inventory_items" time="0.109" /><testcase classname="tests.test_iteration5_auth.TestInventoryEndpoints" name="test_get_inventory_items_with_stock_group_filter" time="0.110" /><testcase classname="tests.test_iteration5_auth.TestInventoryEndpoints" name="test_get_inventory_summary" time="0.116" /><testcase classname="tests.test_iteration5_auth.TestEmployeeRole" name="test_employee_login" time="0.323" /><testcase classname="tests.test_iteration5_auth.TestEmployeeRole" name="test_employee_cannot_list_users" time="0.480" /><testcase classname="tests.test_iteration5_auth.TestCRMEndpoints" name="test_get_customers_outstanding" time="0.110" /><testcase classname="tests.test_iteration5_auth.TestCRMEndpoints" name="test_get_followups" time="0.131" /><testcase classname="tests.test_iteration5_auth.TestCRMEndpoints" name="test_get_customer_targets" time="0.104" /></testsuite></testsuites>