<?xml version="1.0" encoding="utf-8"?><testsuites name="pytest tests"><testsuite name="pytest" errors="0" failures="0" skipped="11" tests="15" time="2.016" timestamp="2026-04-12T18:08:17.676714+00:00" hostname="agent-env-5924a6db-6746-445a-85a8-e042183d38b7"><testcase classname="backend.tests.test_referrals.TestReferralPublicEndpoints" name="test_validate_referral_code_empty" time="0.239" /><testcase classname="backend.tests.test_referrals.TestReferralPublicEndpoints" name="test_validate_referral_code_invalid" time="0.114" /><testcase classname="backend.tests.test_referrals.TestReferralPublicEndpoints" name="test_validate_referral_code_valid" time="0.123" /><testcase classname="backend.tests.test_referrals.TestReferralUserEndpoints" name="test_get_my_referral_code" time="0.113"><skipped type="pytest.skip" message="Could not authenticate as admin">/app/backend/tests/test_referrals.py:81: Could not authenticate as admin</skipped></testcase><testcase classname="backend.tests.test_referrals.TestReferralUserEndpoints" name="test_get_my_dashboard" time="0.109"><skipped type="pytest.skip" message="Could not authenticate as admin">/app/backend/tests/test_referrals.py:93: Could not authenticate as admin</skipped></testcase><testcase classname="backend.tests.test_referrals.TestReferralUserEndpoints" name="test_dashboard_without_auth" time="0.116"><skipped type="pytest.skip" message="Could not authenticate as admin">/app/backend/tests/test_referrals.py:123: Could not authenticate as admin</skipped></testcase><testcase classname="backend.tests.test_referrals.TestReferralSuperAdminEndpoints" name="test_admin_overview" time="0.105"><skipped type="pytest.skip" message="Could not authenticate as super admin">/app/backend/tests/test_referrals.py:152: Could not authenticate as super admin</skipped></testcase><testcase classname="backend.tests.test_referrals.TestReferralSuperAdminEndpoints" name="test_admin_user_ledger" time="0.131"><skipped type="pytest.skip" message="Could not authenticate as super admin">/app/backend/tests/test_referrals.py:181: Could not authenticate as super admin</skipped></testcase><testcase classname="backend.tests.test_referrals.TestReferralSuperAdminEndpoints" name="test_admin_user_ledger_missing_username" time="0.147"><skipped type="pytest.skip" message="Could not authenticate as super admin">/app/backend/tests/test_referrals.py:198: Could not authenticate as super admin</skipped></testcase><testcase classname="backend.tests.test_referrals.TestReferralSuperAdminEndpoints" name="test_admin_credit_commission_missing_params" time="0.108"><skipped type="pytest.skip" message="Could not authenticate as super admin">/app/backend/tests/test_referrals.py:210: Could not authenticate as super admin</skipped></testcase><testcase classname="backend.tests.test_referrals.TestReferralSuperAdminEndpoints" name="test_admin_credit_commission_invalid_prospect" time="0.123"><skipped type="pytest.skip" message="Could not authenticate as super admin">/app/backend/tests/test_referrals.py:223: Could not authenticate as super admin</skipped></testcase><testcase classname="backend.tests.test_referrals.TestReferralSuperAdminEndpoints" name="test_admin_redeem_missing_params" time="0.165"><skipped type="pytest.skip" message="Could not authenticate as super admin">/app/backend/tests/test_referrals.py:236: Could not authenticate as super admin</skipped></testcase><testcase classname="backend.tests.test_referrals.TestReferralSuperAdminEndpoints" name="test_admin_redeem_insufficient_balance" time="0.112"><skipped type="pytest.skip" message="Could not authenticate as super admin">/app/backend/tests/test_referrals.py:249: Could not authenticate as super admin</skipped></testcase><testcase classname="backend.tests.test_referrals.TestReferralSuperAdminEndpoints" name="test_admin_overview_requires_super_admin" time="0.099"><skipped type="pytest.skip" message="Could not authenticate as super admin">/app/backend/tests/test_referrals.py:262: Could not authenticate as super admin</skipped></testcase><testcase classname="backend.tests.test_referrals.TestSignupWithReferralCode" name="test_signup_form_accepts_referral_code" time="0.117" /></testsuite></testsuites>