<?xml version="1.0" encoding="utf-8"?><testsuites name="pytest tests"><testsuite name="pytest" errors="0" failures="3" skipped="0" tests="16" time="2.437" timestamp="2026-04-12T18:47:34.944025+00:00" hostname="agent-env-5924a6db-6746-445a-85a8-e042183d38b7"><testcase classname="backend.tests.test_iteration41_prelaunch.TestHealthCheck" name="test_api_health" time="0.266"><failure message="assert 404 == 200&#10; +  where 404 = &lt;Response [404]&gt;.status_code">backend/tests/test_iteration41_prelaunch.py:28: in test_api_health
    assert response.status_code == 200
E   assert 404 == 200
E    +  where 404 = &lt;Response [404]&gt;.status_code</failure></testcase><testcase classname="backend.tests.test_iteration41_prelaunch.TestHealthCheck" name="test_frontend_accessible" time="0.149" /><testcase classname="backend.tests.test_iteration41_prelaunch.TestAuthentication" name="test_login_endpoint_exists" time="0.135"><failure message="assert 200 in [401, 422, 400]&#10; +  where 200 = &lt;Response [200]&gt;.status_code">backend/tests/test_iteration41_prelaunch.py:66: in test_login_endpoint_exists
    assert response.status_code in [401, 422, 400]
E   assert 200 in [401, 422, 400]
E    +  where 200 = &lt;Response [200]&gt;.status_code</failure></testcase><testcase classname="backend.tests.test_iteration41_prelaunch.TestCRMOutstandingExport" name="test_outstanding_export_endpoint_exists" time="0.125" /><testcase classname="backend.tests.test_iteration41_prelaunch.TestCRMOutstandingExport" name="test_outstanding_export_empty_data" time="0.143" /><testcase classname="backend.tests.test_iteration41_prelaunch.TestCRMTargetsExport" name="test_targets_export_endpoint_exists" time="0.159" /><testcase classname="backend.tests.test_iteration41_prelaunch.TestCRMTargetsExport" name="test_targets_export_empty_data" time="0.118" /><testcase classname="backend.tests.test_iteration41_prelaunch.TestInventoryReorderLevels" name="test_auto_reorder_endpoint_exists" time="0.168" /><testcase classname="backend.tests.test_iteration41_prelaunch.TestInventoryReorderLevels" name="test_set_reorder_level_endpoint_exists" time="0.121" /><testcase classname="backend.tests.test_iteration41_prelaunch.TestCRMEndpoints" name="test_outstanding_endpoint" time="0.138" /><testcase classname="backend.tests.test_iteration41_prelaunch.TestCRMEndpoints" name="test_targets_endpoint" time="0.110" /><testcase classname="backend.tests.test_iteration41_prelaunch.TestCRMEndpoints" name="test_followups_endpoint" time="0.111" /><testcase classname="backend.tests.test_iteration41_prelaunch.TestCRMEndpoints" name="test_payment_behavior_endpoint" time="0.178" /><testcase classname="backend.tests.test_iteration41_prelaunch.TestInventoryEndpoints" name="test_inventory_items_endpoint" time="0.120" /><testcase classname="backend.tests.test_iteration41_prelaunch.TestInventoryEndpoints" name="test_inventory_summary_endpoint" time="0.125" /><testcase classname="backend.tests.test_iteration41_prelaunch.TestAnalyticsEndpoints" name="test_movement_analysis_endpoint" time="0.161"><failure message="assert False == True&#10; +  where False = &lt;built-in method get of dict object at 0xfe416531de40&gt;('success')&#10; +    where &lt;built-in method get of dict object at 0xfe416531de40&gt; = {'data': None, 'error': &quot;'NoneType' object has no attribute 'get'&quot;, 'message': None, 'success': False}.get">backend/tests/test_iteration41_prelaunch.py:240: in test_movement_analysis_endpoint
    assert data.get("success") == True
E   assert False == True
E    +  where False = &lt;built-in method get of dict object at 0xfe416531de40&gt;('success')
E    +    where &lt;built-in method get of dict object at 0xfe416531de40&gt; = {'data': None, 'error': "'NoneType' object has no attribute 'get'", 'message': None, 'success': False}.get</failure></testcase></testsuite></testsuites>