<?xml version="1.0" encoding="utf-8"?><testsuites name="pytest tests"><testsuite name="pytest" errors="0" failures="0" skipped="0" tests="17" time="4.489" timestamp="2026-04-23T06:07:13.287879+00:00" hostname="agent-env-5924a6db-6746-445a-85a8-e042183d38b7"><testcase classname="backend.tests.test_iteration52_dispatch_bugfixes.TestDispatchSummaryDateFilter" name="test_summary_returns_date_specific_data" time="0.575" /><testcase classname="backend.tests.test_iteration52_dispatch_bugfixes.TestDispatchSummaryDateFilter" name="test_summary_different_dates_return_different_data" time="0.287" /><testcase classname="backend.tests.test_iteration52_dispatch_bugfixes.TestTransporterSettlement" name="test_transporter_settlement_returns_data" time="0.104" /><testcase classname="backend.tests.test_iteration52_dispatch_bugfixes.TestTransporterSettlement" name="test_transporter_payment_record" time="0.249" /><testcase classname="backend.tests.test_iteration52_dispatch_bugfixes.TestCloseOfDayPDF" name="test_cod_pdf_returns_valid_pdf" time="0.114" /><testcase classname="backend.tests.test_iteration52_dispatch_bugfixes.TestPorterCRUD" name="test_create_porter" time="0.099" /><testcase classname="backend.tests.test_iteration52_dispatch_bugfixes.TestPorterCRUD" name="test_update_porter" time="0.307" /><testcase classname="backend.tests.test_iteration52_dispatch_bugfixes.TestPorterCRUD" name="test_delete_porter" time="0.348" /><testcase classname="backend.tests.test_iteration52_dispatch_bugfixes.TestTransporterCRUD" name="test_create_transporter" time="0.103" /><testcase classname="backend.tests.test_iteration52_dispatch_bugfixes.TestTransporterCRUD" name="test_update_transporter" time="0.319" /><testcase classname="backend.tests.test_iteration52_dispatch_bugfixes.TestTransporterCRUD" name="test_delete_transporter" time="0.341" /><testcase classname="backend.tests.test_iteration52_dispatch_bugfixes.TestDispatchNavOrder" name="test_all_features_order" time="0.101" /><testcase classname="backend.tests.test_iteration52_dispatch_bugfixes.TestDispatchHistory" name="test_history_returns_completed_cards" time="0.103" /><testcase classname="backend.tests.test_iteration52_dispatch_bugfixes.TestDispatchHistory" name="test_history_card_has_timeline" time="0.127" /><testcase classname="backend.tests.test_iteration52_dispatch_bugfixes.TestPendingTabReflectsBoard" name="test_active_cards_match_pending_filter" time="0.101" /><testcase classname="backend.tests.test_iteration52_dispatch_bugfixes.TestCleanup" name="test_cleanup_test_porters" time="0.677" /><testcase classname="backend.tests.test_iteration52_dispatch_bugfixes.TestCleanup" name="test_cleanup_test_transporters" time="0.435" /></testsuite></testsuites>