<?xml version="1.0" encoding="utf-8"?><testsuites name="pytest tests"><testsuite name="pytest" errors="0" failures="0" skipped="0" tests="16" time="67.750" timestamp="2026-08-23T12:14:30.624774+00:00" hostname="agent-env-5924a6db-6746-445a-85a8-e042183d38b7"><testcase classname="backend.tests.test_iteration121_billing_and_support.TestBillingConfig" name="test_billing_config_returns_key_and_plans" time="1.386" /><testcase classname="backend.tests.test_iteration121_billing_and_support.TestBillingCreateOrder" name="test_upgrade_starter_monthly_1m" time="5.008" /><testcase classname="backend.tests.test_iteration121_billing_and_support.TestBillingCreateOrder" name="test_invalid_plan_trial_rejected" time="0.357" /><testcase classname="backend.tests.test_iteration121_billing_and_support.TestBillingCreateOrder" name="test_change_midcycle_yields_credit" time="3.627" /><testcase classname="backend.tests.test_iteration121_billing_and_support.TestBillingVerify" name="test_bogus_signature_rejected" time="0.330" /><testcase classname="backend.tests.test_iteration121_billing_and_support.TestSuperConvertTrial" name="test_convert_trial_flips_is_trial_and_creates_payment" time="16.674" /><testcase classname="backend.tests.test_iteration121_billing_and_support.TestEditAdminBillingDelta" name="test_plan_downgrade_returns_billing_delta" time="7.615" /><testcase classname="backend.tests.test_iteration121_billing_and_support.TestInvoicePaidUnpaidEnforcement" name="test_paid_without_payment_rejected" time="3.738" /><testcase classname="backend.tests.test_iteration121_billing_and_support.TestInvoicePaidUnpaidEnforcement" name="test_paid_with_create_payment_succeeds" time="3.081" /><testcase classname="backend.tests.test_iteration121_billing_and_support.TestInvoicePaidUnpaidEnforcement" name="test_unpaid_without_reason_rejected" time="8.019" /><testcase classname="backend.tests.test_iteration121_billing_and_support.TestSupportTickets" name="test_create_ticket_returns_open" time="1.238" /><testcase classname="backend.tests.test_iteration121_billing_and_support.TestSupportTickets" name="test_super_reply_flips_pending_tenant_reply_reopens" time="2.499" /><testcase classname="backend.tests.test_iteration121_billing_and_support.TestSupportTickets" name="test_status_change_forbidden_for_non_super" time="0.311" /><testcase classname="backend.tests.test_iteration121_billing_and_support.TestSupportTickets" name="test_super_list_tickets_has_counts" time="0.556" /><testcase classname="backend.tests.test_iteration121_billing_and_support.TestSupportWebhooks" name="test_webhook_upsert_and_invalid_url" time="1.430" /><testcase classname="backend.tests.test_iteration121_billing_and_support.TestListAdminsEnrichment" name="test_admins_row_has_trial_and_billing_fields" time="11.784" /></testsuite></testsuites>