<?xml version="1.0" encoding="utf-8"?><testsuites name="pytest tests"><testsuite name="pytest" errors="0" failures="0" skipped="0" tests="11" time="5.020" timestamp="2026-04-11T11:11:45.354197+00:00" hostname="agent-env-5924a6db-6746-445a-85a8-e042183d38b7"><testcase classname="tests.test_iteration33_uuid_migration.TestAdminLogin" name="test_admin_login_returns_uuid_tenant_id" time="0.467" /><testcase classname="tests.test_iteration33_uuid_migration.TestAdminLogin" name="test_admin_login_returns_company_mappings" time="0.424" /><testcase classname="tests.test_iteration33_uuid_migration.TestAdminLogin" name="test_admin_login_companies_are_uuids" time="0.342" /><testcase classname="tests.test_iteration33_uuid_migration.TestAuthMe" name="test_auth_me_returns_uuid_tenant_id" time="0.529" /><testcase classname="tests.test_iteration33_uuid_migration.TestAuthMe" name="test_auth_me_returns_company_mappings" time="0.438" /><testcase classname="tests.test_iteration33_uuid_migration.TestSyncStatus" name="test_sync_status_with_uuid_company_id" time="0.449" /><testcase classname="tests.test_iteration33_uuid_migration.TestSuperAdminDashboard" name="test_superadmin_admins_list_has_resolved_company_names" time="0.457" /><testcase classname="tests.test_iteration33_uuid_migration.TestSuperAdminDashboard" name="test_superadmin_admins_have_uuid_tenant_ids" time="0.453" /><testcase classname="tests.test_iteration33_uuid_migration.TestSyncHistory" name="test_sync_history_endpoint" time="0.473" /><testcase classname="tests.test_iteration33_uuid_migration.TestSuperAdminRenewals" name="test_renewals_endpoint_works" time="0.434" /><testcase classname="tests.test_iteration33_uuid_migration.TestCompaniesStatus" name="test_companies_status_returns_names" time="0.462" /></testsuite></testsuites>