<?xml version="1.0" encoding="utf-8"?><testsuites name="pytest tests"><testsuite name="pytest" errors="0" failures="0" skipped="0" tests="19" time="10.090" timestamp="2026-04-10T05:51:30.048787+00:00" hostname="agent-env-5924a6db-6746-445a-85a8-e042183d38b7"><testcase classname="backend.tests.test_iteration20_security.TestCompanySelectorSyncInfo" name="test_companies_status_endpoint_exists" time="0.538" /><testcase classname="backend.tests.test_iteration20_security.TestCompanySelectorSyncInfo" name="test_companies_status_returns_array" time="0.429" /><testcase classname="backend.tests.test_iteration20_security.TestCompanySelectorSyncInfo" name="test_companies_status_has_required_fields" time="0.505" /><testcase classname="backend.tests.test_iteration20_security.TestCompanySelectorSyncInfo" name="test_companies_status_matches_user_companies" time="0.430" /><testcase classname="backend.tests.test_iteration20_security.TestSecurityVoucherDetail" name="test_voucher_detail_with_correct_company" time="0.483" /><testcase classname="backend.tests.test_iteration20_security.TestSecurityVoucherDetail" name="test_voucher_detail_with_wrong_company_returns_not_found" time="0.436" /><testcase classname="backend.tests.test_iteration20_security.TestSecurityVoucherDetail" name="test_voucher_list_filtered_by_company" time="0.669" /><testcase classname="backend.tests.test_iteration20_security.TestSecuritySalesmanRoutes" name="test_salesman_master_get_requires_tenant" time="0.437" /><testcase classname="backend.tests.test_iteration20_security.TestSecuritySalesmanRoutes" name="test_salesman_performance_requires_tenant" time="0.466" /><testcase classname="backend.tests.test_iteration20_security.TestSecuritySalesmanRoutes" name="test_salesman_performance_detailed_requires_tenant" time="0.432" /><testcase classname="backend.tests.test_iteration20_security.TestSecuritySalesmanRoutes" name="test_salesman_create_includes_tenant_company" time="0.570" /><testcase classname="backend.tests.test_iteration20_security.TestSecuritySalesmanRoutes" name="test_salesman_delete_requires_tenant" time="0.540" /><testcase classname="backend.tests.test_iteration20_security.TestSecurityCustomerRoutes" name="test_customer_targets_set_includes_tenant_company" time="0.444" /><testcase classname="backend.tests.test_iteration20_security.TestSecurityCustomerRoutes" name="test_followup_update_requires_tenant" time="0.554" /><testcase classname="backend.tests.test_iteration20_security.TestCrossTenantIsolation" name="test_cross_tenant_data_isolation" time="0.749" /><testcase classname="backend.tests.test_iteration20_security.TestCompanySwitching" name="test_inventory_works_for_both_companies" time="0.580" /><testcase classname="backend.tests.test_iteration20_security.TestCompanySwitching" name="test_sales_works_for_both_companies" time="0.650" /><testcase classname="backend.tests.test_iteration20_security.TestCompanySwitching" name="test_crm_works_for_both_companies" time="0.548" /><testcase classname="backend.tests.test_iteration20_security.TestCompanySwitching" name="test_dashboard_works_for_both_companies" time="0.533" /></testsuite></testsuites>