<?xml version="1.0" encoding="utf-8"?><testsuites name="pytest tests"><testsuite name="pytest" errors="0" failures="0" skipped="0" tests="18" time="9.631" timestamp="2026-04-10T12:03:27.891207+00:00" hostname="agent-env-5924a6db-6746-445a-85a8-e042183d38b7"><testcase classname="backend.tests.test_iteration21_audit.TestAuditLogging" name="test_superadmin_login_creates_audit_log" time="1.042" /><testcase classname="backend.tests.test_iteration21_audit.TestAuditLogging" name="test_superadmin_sees_all_tenant_logs" time="0.444" /><testcase classname="backend.tests.test_iteration21_audit.TestAuditLogging" name="test_superadmin_audit_actions_endpoint" time="0.376" /><testcase classname="backend.tests.test_iteration21_audit.TestAuditLogging" name="test_superadmin_filter_by_action" time="0.383" /><testcase classname="backend.tests.test_iteration21_audit.TestAuditLogging" name="test_admin_login_creates_audit_log" time="0.895" /><testcase classname="backend.tests.test_iteration21_audit.TestAuditLogging" name="test_admin_sees_only_own_tenant_logs" time="0.425" /><testcase classname="backend.tests.test_iteration21_audit.TestAuditLogging" name="test_admin_audit_actions_filtered_by_tenant" time="0.378" /><testcase classname="backend.tests.test_iteration21_audit.TestAuditLogging" name="test_failed_login_creates_audit_log" time="1.150" /><testcase classname="backend.tests.test_iteration21_audit.TestAuditLogging" name="test_failed_login_invalid_username" time="0.947" /><testcase classname="backend.tests.test_iteration21_audit.TestAuditLogging" name="test_sales_frequency_uses_tenant_context" time="0.445" /><testcase classname="backend.tests.test_iteration21_audit.TestAuditLogging" name="test_cross_tenant_isolation_sales_frequency" time="0.392" /><testcase classname="backend.tests.test_iteration21_audit.TestAuditLogAuthentication" name="test_audit_logs_requires_auth" time="0.116" /><testcase classname="backend.tests.test_iteration21_audit.TestAuditLogAuthentication" name="test_audit_actions_requires_auth" time="0.106" /><testcase classname="backend.tests.test_iteration21_audit.TestExistingFunctionality" name="test_company_switching_works" time="0.482" /><testcase classname="backend.tests.test_iteration21_audit.TestExistingFunctionality" name="test_inventory_page_works" time="0.440" /><testcase classname="backend.tests.test_iteration21_audit.TestExistingFunctionality" name="test_sales_page_works" time="0.576" /><testcase classname="backend.tests.test_iteration21_audit.TestExistingFunctionality" name="test_crm_page_works" time="0.441" /><testcase classname="backend.tests.test_iteration21_audit.TestExistingFunctionality" name="test_dashboard_works" time="0.498" /></testsuite></testsuites>