<?xml version="1.0" encoding="utf-8"?><testsuites name="pytest tests"><testsuite name="pytest" errors="0" failures="0" skipped="0" tests="11" time="1.510" timestamp="2026-04-07T14:58:17.444867+00:00" hostname="agent-env-5924a6db-6746-445a-85a8-e042183d38b7"><testcase classname="backend.tests.test_iteration6_features.TestCustomerOutstandingAging" name="test_outstanding_returns_aging_columns" time="0.165" /><testcase classname="backend.tests.test_iteration6_features.TestCustomerOutstandingAging" name="test_outstanding_status_based_on_oldest_invoice" time="0.106" /><testcase classname="backend.tests.test_iteration6_features.TestCustomerOutstandingAging" name="test_outstanding_has_customer_group" time="0.110" /><testcase classname="backend.tests.test_iteration6_features.TestCustomerOutstandingAging" name="test_outstanding_no_fake_30_percent" time="0.147" /><testcase classname="backend.tests.test_iteration6_features.TestSalesVoucherDetail" name="test_voucher_detail_returns_full_data" time="0.102" /><testcase classname="backend.tests.test_iteration6_features.TestSalesVoucherDetail" name="test_voucher_detail_has_line_items" time="0.151" /><testcase classname="backend.tests.test_iteration6_features.TestSalesVoucherDetail" name="test_voucher_detail_has_salesman" time="0.161" /><testcase classname="backend.tests.test_iteration6_features.TestSalesVoucherDetail" name="test_voucher_detail_has_reference" time="0.110" /><testcase classname="backend.tests.test_iteration6_features.TestSalesVoucherDetail" name="test_voucher_detail_not_found" time="0.121" /><testcase classname="backend.tests.test_iteration6_features.TestFollowupsCreatedBy" name="test_followups_have_created_by_name" time="0.145" /><testcase classname="backend.tests.test_iteration6_features.TestSalesVouchersList" name="test_vouchers_list_returns_data" time="0.102" /></testsuite></testsuites>