<?xml version="1.0" encoding="utf-8"?><testsuites name="pytest tests"><testsuite name="pytest" errors="0" failures="0" skipped="0" tests="14" time="119.231" timestamp="2026-08-24T06:55:54.542331+00:00" hostname="agent-env-5924a6db-6746-445a-85a8-e042183d38b7"><testcase classname="tests.test_iteration123_superadmin_batch3.TestSignupConsent" name="test_signup_rejects_without_consent" time="0.126" /><testcase classname="tests.test_iteration123_superadmin_batch3.TestSignupConsent" name="test_signup_accepts_with_consent_and_stores_audit" time="13.338" /><testcase classname="tests.test_iteration123_superadmin_batch3.TestQuestionnaireConsent" name="test_questionnaire_rejects_without_consent" time="0.145" /><testcase classname="tests.test_iteration123_superadmin_batch3.TestQuestionnaireConsent" name="test_questionnaire_accepts_with_consent" time="0.946" /><testcase classname="tests.test_iteration123_superadmin_batch3.TestProspectStats" name="test_stats_has_all_seven_keys" time="8.735" /><testcase classname="tests.test_iteration123_superadmin_batch3.TestTrialReminderPreview" name="test_days_left_previews[5-9-9 days]" time="6.678" /><testcase classname="tests.test_iteration123_superadmin_batch3.TestTrialReminderPreview" name="test_days_left_previews[8-6-6 days]" time="6.790" /><testcase classname="tests.test_iteration123_superadmin_batch3.TestTrialReminderPreview" name="test_days_left_previews[12-2-2 days]" time="8.718" /><testcase classname="tests.test_iteration123_superadmin_batch3.TestTrialReminderPreview" name="test_day14_ends_tonight_phrasing" time="2.886" /><testcase classname="tests.test_iteration123_superadmin_batch3.TestBlogCMS" name="test_full_blog_lifecycle" time="8.633" /><testcase classname="tests.test_iteration123_superadmin_batch3.TestRemarks" name="test_add_and_list_remark" time="33.189" /><testcase classname="tests.test_iteration123_superadmin_batch3.TestRemarks" name="test_invalid_tag_rejected" time="2.248" /><testcase classname="tests.test_iteration123_superadmin_batch3.TestPaymentInvoiceSync" name="test_record_payment_endpoint_reachable" time="20.811" /><testcase classname="tests.test_iteration123_superadmin_batch3.TestInvoicePDF" name="test_pdf_download" time="5.873" /></testsuite></testsuites>