<?xml version="1.0" encoding="utf-8"?><testsuites name="pytest tests"><testsuite name="pytest" errors="0" failures="8" skipped="0" tests="27" time="5.117" timestamp="2026-04-11T14:22:16.422671+00:00" hostname="agent-env-5924a6db-6746-445a-85a8-e042183d38b7"><testcase classname="backend.tests.test_iteration37_branch_filter_all_tabs.TestAuthentication" name="test_admin_login" time="0.464" /><testcase classname="backend.tests.test_iteration37_branch_filter_all_tabs.TestDashboardBranchFilter" name="test_sales_summary_without_branch_exclusion" time="0.495"><failure message="AssertionError: Expected total sales &gt; 4Cr, got 0&#10;assert 0 &gt; 40000000">backend/tests/test_iteration37_branch_filter_all_tabs.py:94: in test_sales_summary_without_branch_exclusion
    assert total_sales &gt; 40000000, f"Expected total sales &gt; 4Cr, got {total_sales}"
E   AssertionError: Expected total sales &gt; 4Cr, got 0
E   assert 0 &gt; 40000000</failure></testcase><testcase classname="backend.tests.test_iteration37_branch_filter_all_tabs.TestDashboardBranchFilter" name="test_sales_summary_with_branch_exclusion" time="0.122" /><testcase classname="backend.tests.test_iteration37_branch_filter_all_tabs.TestDashboardBranchFilter" name="test_sales_difference_is_significant" time="0.234"><failure message="AssertionError: Expected branch sales &gt; 1Cr, got 0&#10;assert 0 &gt; 10000000">backend/tests/test_iteration37_branch_filter_all_tabs.py:122: in test_sales_difference_is_significant
    assert difference &gt; 10000000, f"Expected branch sales &gt; 1Cr, got {difference}"
E   AssertionError: Expected branch sales &gt; 1Cr, got 0
E   assert 0 &gt; 10000000</failure></testcase><testcase classname="backend.tests.test_iteration37_branch_filter_all_tabs.TestCRMOutstandingBranchFilter" name="test_outstanding_without_branch_exclusion" time="0.175"><failure message="AssertionError: Branch party 'ASA Autotech India Pvt Ltd Raipur DEPOT' should be in outstanding list&#10;assert 'ASA Autotech India Pvt Ltd Raipur DEPOT' in ['Ankit Automobiles, Indore', 'Shri Ram Enterprises,Raipur,8827782964', 'Saanvi Traders, Sambalpur,9861018770', 'Vijay Tractors Bilaspur,8109800284', 'Kamal Tyre &amp; Traders,Jashpur,9425253137', 'Chandra Agency,Raipur,9586586225', ...]">backend/tests/test_iteration37_branch_filter_all_tabs.py:138: in test_outstanding_without_branch_exclusion
    assert BRANCH_PARTY in customer_names, f"Branch party '{BRANCH_PARTY}' should be in outstanding list"
E   AssertionError: Branch party 'ASA Autotech India Pvt Ltd Raipur DEPOT' should be in outstanding list
E   assert 'ASA Autotech India Pvt Ltd Raipur DEPOT' in ['Ankit Automobiles, Indore', 'Shri Ram Enterprises,Raipur,8827782964', 'Saanvi Traders, Sambalpur,9861018770', 'Vijay Tractors Bilaspur,8109800284', 'Kamal Tyre &amp; Traders,Jashpur,9425253137', 'Chandra Agency,Raipur,9586586225', ...]</failure></testcase><testcase classname="backend.tests.test_iteration37_branch_filter_all_tabs.TestCRMOutstandingBranchFilter" name="test_outstanding_with_branch_exclusion" time="0.142" /><testcase classname="backend.tests.test_iteration37_branch_filter_all_tabs.TestCRMFollowupsBranchFilter" name="test_followups_endpoint_works" time="0.108" /><testcase classname="backend.tests.test_iteration37_branch_filter_all_tabs.TestCRMFollowupsBranchFilter" name="test_followups_with_branch_exclusion" time="0.108" /><testcase classname="backend.tests.test_iteration37_branch_filter_all_tabs.TestCRMTargetsBranchFilter" name="test_targets_without_branch_exclusion" time="0.124" /><testcase classname="backend.tests.test_iteration37_branch_filter_all_tabs.TestCRMTargetsBranchFilter" name="test_targets_with_branch_exclusion" time="0.179" /><testcase classname="backend.tests.test_iteration37_branch_filter_all_tabs.TestCRMTargetsBranchFilter" name="test_targets_count_drops_with_exclusion" time="0.236"><failure message="AssertionError: Targets count should drop with exclusion&#10;assert 0 &lt; 0">backend/tests/test_iteration37_branch_filter_all_tabs.py:223: in test_targets_count_drops_with_exclusion
    assert count_with &lt; count_without, f"Targets count should drop with exclusion"
E   AssertionError: Targets count should drop with exclusion
E   assert 0 &lt; 0</failure></testcase><testcase classname="backend.tests.test_iteration37_branch_filter_all_tabs.TestCRMPaymentBehaviorBranchFilter" name="test_payment_behavior_without_branch_exclusion" time="0.155" /><testcase classname="backend.tests.test_iteration37_branch_filter_all_tabs.TestCRMPaymentBehaviorBranchFilter" name="test_payment_behavior_with_branch_exclusion" time="0.229" /><testcase classname="backend.tests.test_iteration37_branch_filter_all_tabs.TestCRMPaymentBehaviorBranchFilter" name="test_payment_behavior_count_drops_with_exclusion" time="0.273"><failure message="AssertionError: Payment behavior count should drop with exclusion&#10;assert 22 &lt; 22">backend/tests/test_iteration37_branch_filter_all_tabs.py:268: in test_payment_behavior_count_drops_with_exclusion
    assert count_with &lt; count_without, f"Payment behavior count should drop with exclusion"
E   AssertionError: Payment behavior count should drop with exclusion
E   assert 22 &lt; 22</failure></testcase><testcase classname="backend.tests.test_iteration37_branch_filter_all_tabs.TestAnalyticsMovementBranchFilter" name="test_movement_analysis_without_branch_exclusion" time="0.186" /><testcase classname="backend.tests.test_iteration37_branch_filter_all_tabs.TestAnalyticsMovementBranchFilter" name="test_movement_analysis_with_branch_exclusion" time="0.135" /><testcase classname="backend.tests.test_iteration37_branch_filter_all_tabs.TestAnalyticsBelowCostBranchFilter" name="test_below_cost_without_branch_exclusion" time="0.125" /><testcase classname="backend.tests.test_iteration37_branch_filter_all_tabs.TestAnalyticsBelowCostBranchFilter" name="test_below_cost_with_branch_exclusion" time="0.149" /><testcase classname="backend.tests.test_iteration37_branch_filter_all_tabs.TestAnalyticsSalesFrequencyBranchFilter" name="test_sales_frequency_without_branch_exclusion" time="0.123" /><testcase classname="backend.tests.test_iteration37_branch_filter_all_tabs.TestAnalyticsSalesFrequencyBranchFilter" name="test_sales_frequency_with_branch_exclusion" time="0.185" /><testcase classname="backend.tests.test_iteration37_branch_filter_all_tabs.TestAnalyticsSalesFrequencyBranchFilter" name="test_sales_frequency_count_drops_with_exclusion" time="0.260" /><testcase classname="backend.tests.test_iteration37_branch_filter_all_tabs.TestAnalyticsCustomerItemsBranchFilter" name="test_customer_names_without_branch_exclusion" time="0.112"><failure message="AssertionError: Branch party should be in customer names list&#10;assert 'ASA Autotech India Pvt Ltd Raipur DEPOT' in []">backend/tests/test_iteration37_branch_filter_all_tabs.py:368: in test_customer_names_without_branch_exclusion
    assert BRANCH_PARTY in customers, f"Branch party should be in customer names list"
E   AssertionError: Branch party should be in customer names list
E   assert 'ASA Autotech India Pvt Ltd Raipur DEPOT' in []</failure></testcase><testcase classname="backend.tests.test_iteration37_branch_filter_all_tabs.TestAnalyticsCustomerItemsBranchFilter" name="test_customer_names_with_branch_exclusion" time="0.122" /><testcase classname="backend.tests.test_iteration37_branch_filter_all_tabs.TestAnalyticsCustomerItemsBranchFilter" name="test_customer_item_sales_for_branch_party_with_exclusion" time="0.131" /><testcase classname="backend.tests.test_iteration37_branch_filter_all_tabs.TestAnalyticsCustomerItemsBranchFilter" name="test_customer_item_sales_for_branch_party_without_exclusion" time="0.120"><failure message="AssertionError: Branch party should have item sales without exclusion&#10;assert 0 &gt; 0">backend/tests/test_iteration37_branch_filter_all_tabs.py:411: in test_customer_item_sales_for_branch_party_without_exclusion
    assert total_items &gt; 0, f"Branch party should have item sales without exclusion"
E   AssertionError: Branch party should have item sales without exclusion
E   assert 0 &gt; 0</failure></testcase><testcase classname="backend.tests.test_iteration37_branch_filter_all_tabs.TestBranchLedgersDetection" name="test_branch_ledgers_endpoint" time="0.110"><failure message="AssertionError: Branch party 'ASA Autotech India Pvt Ltd Raipur DEPOT' should be detected&#10;assert 'ASA Autotech India Pvt Ltd Raipur DEPOT' in []">backend/tests/test_iteration37_branch_filter_all_tabs.py:426: in test_branch_ledgers_endpoint
    assert BRANCH_PARTY in branch_parties, f"Branch party '{BRANCH_PARTY}' should be detected"
E   AssertionError: Branch party 'ASA Autotech India Pvt Ltd Raipur DEPOT' should be detected
E   assert 'ASA Autotech India Pvt Ltd Raipur DEPOT' in []</failure></testcase><testcase classname="backend.tests.test_iteration37_branch_filter_all_tabs.TestBranchLedgersDetection" name="test_branch_ledgers_detect_endpoint" time="0.123" /></testsuite></testsuites>