<?xml version="1.0" encoding="utf-8"?><testsuites name="pytest tests"><testsuite name="pytest" errors="0" failures="0" skipped="0" tests="19" time="8.606" timestamp="2026-04-11T03:37:38.118936+00:00" hostname="agent-env-5924a6db-6746-445a-85a8-e042183d38b7"><testcase classname="backend.tests.test_iteration32_deletion_archive.TestEmployeeDeletionArchive" name="test_admin_login" time="0.366" /><testcase classname="backend.tests.test_iteration32_deletion_archive.TestEmployeeDeletionArchive" name="test_create_employee_for_deletion_test" time="0.610" /><testcase classname="backend.tests.test_iteration32_deletion_archive.TestEmployeeDeletionArchive" name="test_delete_employee_archives_record" time="0.380" /><testcase classname="backend.tests.test_iteration32_deletion_archive.TestEmployeeDeletionArchive" name="test_superadmin_can_see_deleted_users" time="0.382" /><testcase classname="backend.tests.test_iteration32_deletion_archive.TestAdminDeletionArchive" name="test_superadmin_login" time="0.331" /><testcase classname="backend.tests.test_iteration32_deletion_archive.TestAdminDeletionArchive" name="test_create_admin_for_deletion_test" time="0.599" /><testcase classname="backend.tests.test_iteration32_deletion_archive.TestAdminDeletionArchive" name="test_delete_admin_archives_records" time="0.382" /><testcase classname="backend.tests.test_iteration32_deletion_archive.TestAdminDeletionArchive" name="test_verify_admin_in_deleted_users" time="0.375" /><testcase classname="backend.tests.test_iteration32_deletion_archive.TestReSignupReturningUser" name="test_signup_with_new_email" time="0.107" /><testcase classname="backend.tests.test_iteration32_deletion_archive.TestReSignupReturningUser" name="test_signup_with_deleted_email_gets_returning_user_flag" time="0.520" /><testcase classname="backend.tests.test_iteration32_deletion_archive.TestEmployeeManagement" name="test_employee_inherits_tenant_id" time="0.421" /><testcase classname="backend.tests.test_iteration32_deletion_archive.TestEmployeeManagement" name="test_add_employee_with_valid_email" time="0.677" /><testcase classname="backend.tests.test_iteration32_deletion_archive.TestEmployeeManagement" name="test_add_employee_with_duplicate_email_blocked" time="0.751" /><testcase classname="backend.tests.test_iteration32_deletion_archive.TestEmployeeManagement" name="test_add_employee_with_invalid_email_blocked" time="0.532" /><testcase classname="backend.tests.test_iteration32_deletion_archive.TestEmployeeManagement" name="test_employee_max_limit_enforced" time="0.460" /><testcase classname="backend.tests.test_iteration32_deletion_archive.TestSuperAdminDeletedUsersEndpoint" name="test_deleted_users_endpoint_requires_superadmin" time="0.420" /><testcase classname="backend.tests.test_iteration32_deletion_archive.TestSuperAdminDeletedUsersEndpoint" name="test_deleted_users_endpoint_returns_correct_structure" time="0.396" /><testcase classname="backend.tests.test_iteration32_deletion_archive.TestSuperAdminRenewalsTab" name="test_renewals_endpoint_works" time="0.408" /><testcase classname="backend.tests.test_iteration32_deletion_archive.TestDashboardISTFormatting" name="test_sync_status_returns_ist_timestamps" time="0.395" /></testsuite></testsuites>