<?xml version="1.0" encoding="utf-8"?><testsuites name="pytest tests"><testsuite name="pytest" errors="0" failures="0" skipped="0" tests="17" time="9.211" timestamp="2026-04-11T03:12:30.582752+00:00" hostname="agent-env-5924a6db-6746-445a-85a8-e042183d38b7"><testcase classname="backend.tests.test_iteration31_features.TestAuthLogin" name="test_admin_login_returns_correct_fy_data" time="0.401" /><testcase classname="backend.tests.test_iteration31_features.TestAuthLogin" name="test_superadmin_login" time="0.330" /><testcase classname="backend.tests.test_iteration31_features.TestAuthLogin" name="test_employee_login" time="0.338" /><testcase classname="backend.tests.test_iteration31_features.TestLatestFY" name="test_latest_fy_endpoint" time="0.440" /><testcase classname="backend.tests.test_iteration31_features.TestEmployeeManagement" name="test_create_employee_requires_valid_email" time="0.436" /><testcase classname="backend.tests.test_iteration31_features.TestEmployeeManagement" name="test_create_employee_rejects_duplicate_email" time="0.477" /><testcase classname="backend.tests.test_iteration31_features.TestEmployeeManagement" name="test_create_employee_with_valid_email" time="0.827" /><testcase classname="backend.tests.test_iteration31_features.TestEmployeeManagement" name="test_list_employees" time="0.491" /><testcase classname="backend.tests.test_iteration31_features.TestDashboardData" name="test_sync_status_endpoint" time="0.485" /><testcase classname="backend.tests.test_iteration31_features.TestDashboardData" name="test_inventory_summary" time="0.447" /><testcase classname="backend.tests.test_iteration31_features.TestDashboardData" name="test_sales_summary" time="0.525" /><testcase classname="backend.tests.test_iteration31_features.TestSuperAdminRenewals" name="test_renewals_endpoint" time="0.455" /><testcase classname="backend.tests.test_iteration31_features.TestEmployeeTenantIsolation" name="test_employee_inherits_admin_tenant" time="0.669" /><testcase classname="backend.tests.test_iteration31_features.TestEmployeeTenantIsolation" name="test_employee_sees_same_companies_as_admin" time="0.669" /><testcase classname="backend.tests.test_iteration31_features.TestAuthMeEndpoint" name="test_auth_me_admin_no_tenant_id_in_profile_display" time="0.446" /><testcase classname="backend.tests.test_iteration31_features.TestEmailValidationFormat" name="test_various_invalid_emails" time="0.900" /><testcase classname="backend.tests.test_iteration31_features.TestEmailValidationFormat" name="test_valid_email_format" time="0.781" /></testsuite></testsuites>