<?xml version="1.0" encoding="utf-8"?><testsuites name="pytest tests"><testsuite name="pytest" errors="0" failures="0" skipped="0" tests="21" time="3.806" timestamp="2026-04-16T06:33:10.150010+00:00" hostname="agent-env-5924a6db-6746-445a-85a8-e042183d38b7"><testcase classname="backend.tests.test_iteration47.TestOutstandingCalculation" name="test_outstanding_endpoint_returns_200" time="0.593" /><testcase classname="backend.tests.test_iteration47.TestOutstandingCalculation" name="test_outstanding_response_structure" time="0.136" /><testcase classname="backend.tests.test_iteration47.TestOutstandingCalculation" name="test_outstanding_customer_fields" time="0.141" /><testcase classname="backend.tests.test_iteration47.TestOutstandingCalculation" name="test_outstanding_calculation_formula" time="0.165" /><testcase classname="backend.tests.test_iteration47.TestSPIPAnalysis" name="test_spip_endpoint_returns_200" time="0.186" /><testcase classname="backend.tests.test_iteration47.TestSPIPAnalysis" name="test_spip_response_structure" time="0.141" /><testcase classname="backend.tests.test_iteration47.TestSPIPAnalysis" name="test_spip_items_have_sales_data" time="0.131" /><testcase classname="backend.tests.test_iteration47.TestSPIPAnalysis" name="test_spip_gap_type_distribution" time="0.137" /><testcase classname="backend.tests.test_iteration47.TestSPIPAnalysis" name="test_spip_item_fields" time="0.461" /><testcase classname="backend.tests.test_iteration47.TestCRMTargets" name="test_targets_endpoint_returns_200" time="0.125" /><testcase classname="backend.tests.test_iteration47.TestCRMTargets" name="test_targets_response_structure" time="0.126" /><testcase classname="backend.tests.test_iteration47.TestCRMTargets" name="test_targets_have_required_fields" time="0.124" /><testcase classname="backend.tests.test_iteration47.TestCRMTargets" name="test_targets_achievement_calculation" time="0.128" /><testcase classname="backend.tests.test_iteration47.TestCRMTargets" name="test_bulk_percentage_endpoint" time="0.108" /><testcase classname="backend.tests.test_iteration47.TestCRMTargets" name="test_remove_endpoint" time="0.112" /><testcase classname="backend.tests.test_iteration47.TestCRMTargets" name="test_reactivate_endpoint" time="0.111" /><testcase classname="backend.tests.test_iteration47.TestCompanyIsolation" name="test_sales_summary_company_isolation" time="0.228" /><testcase classname="backend.tests.test_iteration47.TestAdditionalEndpoints" name="test_customer_lifecycle" time="0.106" /><testcase classname="backend.tests.test_iteration47.TestAdditionalEndpoints" name="test_sales_forecast" time="0.174" /><testcase classname="backend.tests.test_iteration47.TestAdditionalEndpoints" name="test_concentration_risk" time="0.112" /><testcase classname="backend.tests.test_iteration47.TestAdditionalEndpoints" name="test_payment_behavior" time="0.156" /></testsuite></testsuites>