<?xml version="1.0" encoding="utf-8"?><testsuites name="pytest tests"><testsuite name="pytest" errors="0" failures="0" skipped="0" tests="8" time="1.266" timestamp="2026-04-12T03:41:00.269031+00:00" hostname="agent-env-5924a6db-6746-445a-85a8-e042183d38b7"><testcase classname="backend.tests.test_iteration39_recaptcha_idle.TestRecaptchaLogin" name="test_login_without_captcha_token_fails" time="0.152" /><testcase classname="backend.tests.test_iteration39_recaptcha_idle.TestRecaptchaLogin" name="test_login_with_empty_captcha_token_fails" time="0.116" /><testcase classname="backend.tests.test_iteration39_recaptcha_idle.TestRecaptchaLogin" name="test_login_with_invalid_captcha_token_fails" time="0.188" /><testcase classname="backend.tests.test_iteration39_recaptcha_idle.TestRecaptchaLogin" name="test_login_with_wrong_credentials_fails_captcha_first" time="0.151" /><testcase classname="backend.tests.test_iteration39_recaptcha_idle.TestRecaptchaSignup" name="test_signup_without_captcha_token_fails" time="0.108" /><testcase classname="backend.tests.test_iteration39_recaptcha_idle.TestRecaptchaSignup" name="test_signup_with_invalid_captcha_token_fails" time="0.150" /><testcase classname="backend.tests.test_iteration39_recaptcha_idle.TestLoginRequestModel" name="test_login_request_accepts_captcha_token" time="0.176" /><testcase classname="backend.tests.test_iteration39_recaptcha_idle.TestRecaptchaServiceConfiguration" name="test_recaptcha_secret_is_configured" time="0.154" /></testsuite></testsuites>