<?xml version="1.0" encoding="utf-8"?><testsuites name="pytest tests"><testsuite name="pytest" errors="0" failures="0" skipped="0" tests="21" time="104.258" timestamp="2026-04-07T00:27:31.341016+00:00" hostname="agent-env-5924a6db-6746-445a-85a8-e042183d38b7"><testcase classname="backend.tests.test_iteration3_features.TestSalesmanMasterCRUD" name="test_get_salesman_master_list" time="0.251" /><testcase classname="backend.tests.test_iteration3_features.TestSalesmanMasterCRUD" name="test_create_salesman_with_full_data" time="0.117" /><testcase classname="backend.tests.test_iteration3_features.TestSalesmanMasterCRUD" name="test_create_salesman_minimal_data" time="0.114" /><testcase classname="backend.tests.test_iteration3_features.TestSalesmanMasterCRUD" name="test_create_salesman_empty_name_fails" time="0.166" /><testcase classname="backend.tests.test_iteration3_features.TestSalesmanMasterCRUD" name="test_verify_created_salesman_in_list" time="0.112" /><testcase classname="backend.tests.test_iteration3_features.TestSalesmanMasterCRUD" name="test_delete_salesman" time="0.120" /><testcase classname="backend.tests.test_iteration3_features.TestSalesmanMasterCRUD" name="test_delete_minimal_salesman" time="0.201" /><testcase classname="backend.tests.test_iteration3_features.TestSalesmanMasterCRUD" name="test_verify_deleted_salesman_not_in_list" time="0.134" /><testcase classname="backend.tests.test_iteration3_features.TestSalesmanPerformanceDetailed" name="test_get_performance_detailed" time="0.106" /><testcase classname="backend.tests.test_iteration3_features.TestSalesmanPerformanceDetailed" name="test_performance_has_items_sold_breakdown" time="0.151" /><testcase classname="backend.tests.test_iteration3_features.TestSalesmanPerformanceDetailed" name="test_performance_has_master_flag" time="0.110" /><testcase classname="backend.tests.test_iteration3_features.TestSalesFrequencyExport" name="test_export_excel" time="0.124" /><testcase classname="backend.tests.test_iteration3_features.TestSalesFrequencyExport" name="test_export_pdf" time="0.119" /><testcase classname="backend.tests.test_iteration3_features.TestSalesFrequencyExport" name="test_export_with_date_filter" time="0.131" /><testcase classname="backend.tests.test_iteration3_features.TestSalesFrequencyExport" name="test_export_invalid_format" time="0.107" /><testcase classname="backend.tests.test_iteration3_features.TestAIAdvancedQuery" name="test_ai_query_general" time="33.275" /><testcase classname="backend.tests.test_iteration3_features.TestAIAdvancedQuery" name="test_ai_query_inventory_type" time="16.527" /><testcase classname="backend.tests.test_iteration3_features.TestAIAdvancedQuery" name="test_ai_query_with_filters" time="51.895" /><testcase classname="backend.tests.test_iteration3_features.TestExistingEndpoints" name="test_salesman_performance_basic" time="0.178" /><testcase classname="backend.tests.test_iteration3_features.TestExistingEndpoints" name="test_sales_frequency" time="0.115" /><testcase classname="backend.tests.test_iteration3_features.TestExistingEndpoints" name="test_customers_outstanding" time="0.114" /></testsuite></testsuites>