<?xml version="1.0" encoding="utf-8"?><testsuites name="pytest tests"><testsuite name="pytest" errors="0" failures="0" skipped="0" tests="22" time="25.939" timestamp="2026-04-08T04:33:30.806208+00:00" hostname="agent-env-5924a6db-6746-445a-85a8-e042183d38b7"><testcase classname="backend.tests.test_iteration9_bugfixes.TestFYDropdownFunctionality" name="test_fy_2025_26_has_vouchers" time="0.160" /><testcase classname="backend.tests.test_iteration9_bugfixes.TestFYDropdownFunctionality" name="test_fy_2026_27_has_no_vouchers" time="0.136" /><testcase classname="backend.tests.test_iteration9_bugfixes.TestFYDropdownFunctionality" name="test_sales_summary_respects_fy" time="0.206" /><testcase classname="backend.tests.test_iteration9_bugfixes.TestCRMOutstanding" name="test_outstanding_has_paid_amount_column" time="0.124" /><testcase classname="backend.tests.test_iteration9_bugfixes.TestCRMOutstanding" name="test_outstanding_uses_tally_closing_balance" time="0.109" /><testcase classname="backend.tests.test_iteration9_bugfixes.TestCRMOutstanding" name="test_fifo_aging_distributes_outstanding" time="0.096" /><testcase classname="backend.tests.test_iteration9_bugfixes.TestSalesVoucherDetail" name="test_voucher_detail_endpoint_works" time="0.156" /><testcase classname="backend.tests.test_iteration9_bugfixes.TestSalesVoucherDetail" name="test_voucher_detail_with_url_encoded_id" time="0.110" /><testcase classname="backend.tests.test_iteration9_bugfixes.TestSalesVoucherDetail" name="test_voucher_not_found_returns_error" time="0.106" /><testcase classname="backend.tests.test_iteration9_bugfixes.TestPaymentBehavior" name="test_payment_behavior_has_real_metrics" time="0.127" /><testcase classname="backend.tests.test_iteration9_bugfixes.TestPaymentBehavior" name="test_payment_ratio_is_calculated" time="0.104" /><testcase classname="backend.tests.test_iteration9_bugfixes.TestCustomerTargets" name="test_targets_has_prev_and_current_fy" time="0.109" /><testcase classname="backend.tests.test_iteration9_bugfixes.TestCustomerTargets" name="test_targets_has_last_fy_sales_column" time="0.101" /><testcase classname="backend.tests.test_iteration9_bugfixes.TestSalesmanTabs" name="test_salesman_performance_endpoint" time="0.106" /><testcase classname="backend.tests.test_iteration9_bugfixes.TestSalesmanTabs" name="test_salesman_performance_detailed_endpoint" time="0.109" /><testcase classname="backend.tests.test_iteration9_bugfixes.TestSalesmanTabs" name="test_salesman_master_endpoint" time="0.125" /><testcase classname="backend.tests.test_iteration9_bugfixes.TestAIReports" name="test_ai_advanced_query_endpoint" time="23.025" /><testcase classname="backend.tests.test_iteration9_bugfixes.TestAnalyticsTabs" name="test_movement_analysis_endpoint" time="0.176" /><testcase classname="backend.tests.test_iteration9_bugfixes.TestAnalyticsTabs" name="test_below_cost_sales_endpoint" time="0.107" /><testcase classname="backend.tests.test_iteration9_bugfixes.TestAnalyticsTabs" name="test_pivot_data_endpoint" time="0.098" /><testcase classname="backend.tests.test_iteration9_bugfixes.TestAnalyticsTabs" name="test_sales_frequency_endpoint" time="0.124" /><testcase classname="backend.tests.test_iteration9_bugfixes.TestAuthEndpoints" name="test_admin_login" time="0.315" /></testsuite></testsuites>