<?xml version="1.0" encoding="utf-8"?><testsuites name="pytest tests"><testsuite name="pytest" errors="0" failures="0" skipped="0" tests="13" time="33.054" timestamp="2026-04-08T09:04:38.101164+00:00" hostname="agent-env-5924a6db-6746-445a-85a8-e042183d38b7"><testcase classname="backend.tests.test_iteration10_receipts.TestReceiptSync" name="test_sync_receipt_vouchers" time="0.161" /><testcase classname="backend.tests.test_iteration10_receipts.TestReceiptSync" name="test_sync_customer_for_receipt_test" time="0.110" /><testcase classname="backend.tests.test_iteration10_receipts.TestOutstandingWithReceipts" name="test_outstanding_includes_paid_amount" time="0.105" /><testcase classname="backend.tests.test_iteration10_receipts.TestOutstandingWithReceipts" name="test_outstanding_has_aging_columns" time="0.102" /><testcase classname="backend.tests.test_iteration10_receipts.TestPaymentBehaviorWithReceipts" name="test_payment_behavior_includes_receipt_data" time="0.098" /><testcase classname="backend.tests.test_iteration10_receipts.TestSalesVouchersFY" name="test_sales_vouchers_fy_filter" time="0.097" /><testcase classname="backend.tests.test_iteration10_receipts.TestSalesVouchersFY" name="test_sales_vouchers_different_fy" time="0.192" /><testcase classname="backend.tests.test_iteration10_receipts.TestVoucherDetail" name="test_voucher_detail_by_id" time="0.204" /><testcase classname="backend.tests.test_iteration10_receipts.TestVoucherDetail" name="test_voucher_detail_test_voucher" time="0.101" /><testcase classname="backend.tests.test_iteration10_receipts.TestAIAdvancedQuery" name="test_ai_advanced_query" time="31.206" /><testcase classname="backend.tests.test_iteration10_receipts.TestCustomerTargets" name="test_targets_has_fy_fields" time="0.142" /><testcase classname="backend.tests.test_iteration10_receipts.TestInventoryMovementAnalysis" name="test_movement_analysis_returns_data" time="0.121" /><testcase classname="backend.tests.test_iteration10_receipts.TestAuthLogin" name="test_admin_login" time="0.318" /></testsuite></testsuites>