<?xml version="1.0" encoding="utf-8"?><testsuites name="pytest tests"><testsuite name="pytest" errors="0" failures="0" skipped="0" tests="20" time="7.508" timestamp="2026-04-10T13:25:33.385861+00:00" hostname="agent-env-5924a6db-6746-445a-85a8-e042183d38b7"><testcase classname="backend.tests.test_iteration22_insights.TestInsightsEndpoints" name="test_customer_lifecycle_returns_success" time="0.531" /><testcase classname="backend.tests.test_iteration22_insights.TestInsightsEndpoints" name="test_customer_lifecycle_summary_structure" time="0.418" /><testcase classname="backend.tests.test_iteration22_insights.TestInsightsEndpoints" name="test_customer_lifecycle_customer_entry_structure" time="0.421" /><testcase classname="backend.tests.test_iteration22_insights.TestInsightsEndpoints" name="test_sales_forecast_returns_success" time="0.389" /><testcase classname="backend.tests.test_iteration22_insights.TestInsightsEndpoints" name="test_sales_forecast_summary_structure" time="0.413" /><testcase classname="backend.tests.test_iteration22_insights.TestInsightsEndpoints" name="test_sales_forecast_timeline_entry_structure" time="0.424" /><testcase classname="backend.tests.test_iteration22_insights.TestInsightsEndpoints" name="test_sales_forecast_has_forecasts" time="0.432" /><testcase classname="backend.tests.test_iteration22_insights.TestInsightsEndpoints" name="test_spip_analysis_returns_success" time="0.398" /><testcase classname="backend.tests.test_iteration22_insights.TestInsightsEndpoints" name="test_spip_analysis_item_structure" time="0.404" /><testcase classname="backend.tests.test_iteration22_insights.TestInsightsEndpoints" name="test_spip_analysis_summary_has_gap_counts" time="0.419" /><testcase classname="backend.tests.test_iteration22_insights.TestInsightsEndpoints" name="test_concentration_risk_returns_success" time="0.420" /><testcase classname="backend.tests.test_iteration22_insights.TestInsightsEndpoints" name="test_concentration_risk_summary_structure" time="0.387" /><testcase classname="backend.tests.test_iteration22_insights.TestInsightsEndpoints" name="test_concentration_risk_customer_entry_structure" time="0.413" /><testcase classname="backend.tests.test_iteration22_insights.TestInsightsEndpoints" name="test_concentration_risk_level_valid" time="0.386" /><testcase classname="backend.tests.test_iteration22_insights.TestInsightsTenantIsolation" name="test_test_admin_gets_empty_data" time="0.561" /><testcase classname="backend.tests.test_iteration22_insights.TestInsightsTenantIsolation" name="test_admin_has_data" time="0.509" /><testcase classname="backend.tests.test_iteration22_insights.TestInsightsAuthentication" name="test_customer_lifecycle_requires_auth" time="0.115" /><testcase classname="backend.tests.test_iteration22_insights.TestInsightsAuthentication" name="test_sales_forecast_requires_auth" time="0.124" /><testcase classname="backend.tests.test_iteration22_insights.TestInsightsAuthentication" name="test_spip_analysis_requires_auth" time="0.127" /><testcase classname="backend.tests.test_iteration22_insights.TestInsightsAuthentication" name="test_concentration_risk_requires_auth" time="0.113" /></testsuite></testsuites>