<?xml version="1.0" encoding="utf-8"?><testsuites name="pytest tests"><testsuite name="pytest" errors="0" failures="0" skipped="0" tests="14" time="5.765" timestamp="2026-04-11T02:21:27.517415+00:00" hostname="agent-env-5924a6db-6746-445a-85a8-e042183d38b7"><testcase classname="backend.tests.test_iteration30_features.TestAuthAndLogin" name="test_superadmin_login" time="0.360" /><testcase classname="backend.tests.test_iteration30_features.TestAuthAndLogin" name="test_admin_login_returns_subscription_data" time="0.331" /><testcase classname="backend.tests.test_iteration30_features.TestAuthAndLogin" name="test_starter_admin_login" time="0.341" /><testcase classname="backend.tests.test_iteration30_features.TestRenewalsEndpoints" name="test_get_renewals_endpoint" time="0.436" /><testcase classname="backend.tests.test_iteration30_features.TestRenewalsEndpoints" name="test_renewals_stats_structure" time="0.445" /><testcase classname="backend.tests.test_iteration30_features.TestRenewalRequestEndpoint" name="test_request_renewal_endpoint" time="0.447" /><testcase classname="backend.tests.test_iteration30_features.TestLatestFYEndpoint" name="test_latest_fy_endpoint" time="0.453" /><testcase classname="backend.tests.test_iteration30_features.TestDashboardEndpoints" name="test_sync_status_endpoint" time="0.479" /><testcase classname="backend.tests.test_iteration30_features.TestDashboardEndpoints" name="test_inventory_summary_endpoint" time="0.462" /><testcase classname="backend.tests.test_iteration30_features.TestDashboardEndpoints" name="test_sales_summary_endpoint" time="0.464" /><testcase classname="backend.tests.test_iteration30_features.TestPublicEndpoints" name="test_plans_endpoint" time="0.119" /><testcase classname="backend.tests.test_iteration30_features.TestPublicEndpoints" name="test_demo_data_endpoint" time="0.411" /><testcase classname="backend.tests.test_iteration30_features.TestISTFormatting" name="test_subscription_dates_format" time="0.466" /><testcase classname="backend.tests.test_iteration30_features.TestProcessRenewal" name="test_process_renewal_endpoint_exists" time="0.457" /></testsuite></testsuites>