<?xml version="1.0" encoding="utf-8"?><testsuites name="pytest tests"><testsuite name="pytest" errors="0" failures="0" skipped="0" tests="8" time="41.197" timestamp="2026-08-24T04:15:35.591067+00:00" hostname="agent-env-5924a6db-6746-445a-85a8-e042183d38b7"><testcase classname="tests.test_iteration122_superadmin_batch2.TestSuperAdminLogin" name="test_login" time="1.120" /><testcase classname="tests.test_iteration122_superadmin_batch2.TestResetPassword" name="test_reset_password_auto_generates" time="8.793" /><testcase classname="tests.test_iteration122_superadmin_batch2.TestDeleteAdminOTP" name="test_request_otp_and_wrong_confirm" time="8.562" /><testcase classname="tests.test_iteration122_superadmin_batch2.TestRenewals" name="test_active_trial_not_in_expired" time="7.885" /><testcase classname="tests.test_iteration122_superadmin_batch2.TestStaffDepartments" name="test_departments_present" time="0.525" /><testcase classname="tests.test_iteration122_superadmin_batch2.TestStaffCRUD" name="test_create_list_delete_staff" time="3.418" /><testcase classname="tests.test_iteration122_superadmin_batch2.TestProspectDemoGiven" name="test_demo_given_stamps_date" time="3.883" /><testcase classname="tests.test_iteration122_superadmin_batch2.TestEmployeeFeatureInheritance" name="test_employee_inherits_features" time="6.922" /></testsuite></testsuites>