<?xml version="1.0" encoding="utf-8"?><testsuites name="pytest tests"><testsuite name="pytest" errors="0" failures="1" skipped="0" tests="19" time="13.202" timestamp="2026-04-09T17:07:57.690784+00:00" hostname="agent-env-5924a6db-6746-445a-85a8-e042183d38b7"><testcase classname="backend.tests.test_iteration16_multitenancy.TestSuperAdminLogin" name="test_super_admin_login_success" time="0.559" /><testcase classname="backend.tests.test_iteration16_multitenancy.TestSuperAdminLogin" name="test_super_admin_stats_endpoint" time="0.479" /><testcase classname="backend.tests.test_iteration16_multitenancy.TestSuperAdminLogin" name="test_super_admin_list_admins" time="0.466" /><testcase classname="backend.tests.test_iteration16_multitenancy.TestAdminLogin" name="test_admin_login_returns_all_features" time="0.362" /><testcase classname="backend.tests.test_iteration16_multitenancy.TestAdminLogin" name="test_admin_login_returns_tenant_id" time="0.334" /><testcase classname="backend.tests.test_iteration16_multitenancy.TestTestAdminFeatureGating" name="test_test_admin_login_limited_features" time="0.358" /><testcase classname="backend.tests.test_iteration16_multitenancy.TestDataIsolation" name="test_test_admin_sees_zero_inventory" time="0.461" /><testcase classname="backend.tests.test_iteration16_multitenancy.TestDataIsolation" name="test_test_admin_sees_zero_sales" time="0.489" /><testcase classname="backend.tests.test_iteration16_multitenancy.TestDataIsolation" name="test_admin_sees_inventory_data" time="0.538" /><testcase classname="backend.tests.test_iteration16_multitenancy.TestDataIsolation" name="test_admin_sees_sales_data" time="0.455" /><testcase classname="backend.tests.test_iteration16_multitenancy.TestPasswordManagement" name="test_change_password_flow" time="2.183" /><testcase classname="backend.tests.test_iteration16_multitenancy.TestPasswordManagement" name="test_change_password_wrong_current" time="0.695" /><testcase classname="backend.tests.test_iteration16_multitenancy.TestSuperAdminOperations" name="test_super_admin_can_toggle_admin_active" time="0.581" /><testcase classname="backend.tests.test_iteration16_multitenancy.TestSuperAdminOperations" name="test_super_admin_can_reset_admin_password" time="1.409" /><testcase classname="backend.tests.test_iteration16_multitenancy.TestSuperAdminOperations" name="test_super_admin_can_update_features" time="0.698" /><testcase classname="backend.tests.test_iteration16_multitenancy.TestSecurityHeaders" name="test_security_headers_present" time="0.346" /><testcase classname="backend.tests.test_iteration16_multitenancy.TestSecurityHeaders" name="test_rate_limiting_exists" time="1.733" /><testcase classname="backend.tests.test_iteration16_multitenancy.TestStaffLogin" name="test_staff_login" time="0.117"><failure message="assert False is True">backend/tests/test_iteration16_multitenancy.py:388: in test_staff_login
    assert data["success"] is True
E   assert False is True</failure></testcase><testcase classname="backend.tests.test_iteration16_multitenancy.TestCreateAdmin" name="test_super_admin_can_create_admin" time="0.803" /></testsuite></testsuites>