<?xml version="1.0" encoding="utf-8"?><testsuites name="pytest tests"><testsuite name="pytest" errors="0" failures="0" skipped="0" tests="16" time="2.641" timestamp="2026-04-08T03:33:47.974108+00:00" hostname="agent-env-5924a6db-6746-445a-85a8-e042183d38b7"><testcase classname="backend.tests.test_websocket_sync.TestSyncProgressEndpoint" name="test_sync_progress_sync_started" time="0.149" /><testcase classname="backend.tests.test_websocket_sync.TestSyncProgressEndpoint" name="test_sync_progress_phase_start" time="0.117" /><testcase classname="backend.tests.test_websocket_sync.TestSyncProgressEndpoint" name="test_sync_progress_sales_batch_start" time="0.117" /><testcase classname="backend.tests.test_websocket_sync.TestSyncProgressEndpoint" name="test_sync_progress_sales_batch_progress" time="0.100" /><testcase classname="backend.tests.test_websocket_sync.TestSyncProgressEndpoint" name="test_sync_progress_sales_batch_complete" time="0.109" /><testcase classname="backend.tests.test_websocket_sync.TestSyncProgressEndpoint" name="test_sync_progress_phase_complete" time="0.106" /><testcase classname="backend.tests.test_websocket_sync.TestSyncProgressEndpoint" name="test_sync_progress_sync_complete" time="0.108" /><testcase classname="backend.tests.test_websocket_sync.TestSyncProgressEndpoint" name="test_sync_progress_sync_error" time="0.126" /><testcase classname="backend.tests.test_websocket_sync.TestSyncStatusEndpoint" name="test_get_sync_status" time="0.127" /><testcase classname="backend.tests.test_websocket_sync.TestAgentSyncEndpoint" name="test_agent_sync_inventory" time="0.117" /><testcase classname="backend.tests.test_websocket_sync.TestAgentSyncEndpoint" name="test_agent_sync_sales" time="0.119" /><testcase classname="backend.tests.test_websocket_sync.TestAgentSyncEndpoint" name="test_agent_sync_customers" time="0.103" /><testcase classname="backend.tests.test_websocket_sync.TestWebSocketConnection" name="test_websocket_connects" time="0.198" /><testcase classname="backend.tests.test_websocket_sync.TestWebSocketConnection" name="test_websocket_receives_broadcast" time="0.298" /><testcase classname="backend.tests.test_websocket_sync.TestAuthLogin" name="test_admin_login" time="0.330" /><testcase classname="backend.tests.test_websocket_sync.TestAuthLogin" name="test_employee_login" time="0.330" /></testsuite></testsuites>