<?xml version="1.0" encoding="utf-8"?><testsuites name="pytest tests"><testsuite name="pytest" errors="0" failures="0" skipped="0" tests="17" time="3.598" timestamp="2026-04-10T16:04:19.746976+00:00" hostname="agent-env-5924a6db-6746-445a-85a8-e042183d38b7"><testcase classname="backend.tests.test_iteration26_inventory_analytics.TestMovementAnalysisAPI" name="test_movement_analysis_returns_success" time="0.674" /><testcase classname="backend.tests.test_iteration26_inventory_analytics.TestMovementAnalysisAPI" name="test_movement_analysis_has_required_columns" time="0.137" /><testcase classname="backend.tests.test_iteration26_inventory_analytics.TestMovementAnalysisAPI" name="test_movement_analysis_summary_has_classification_counts" time="0.170" /><testcase classname="backend.tests.test_iteration26_inventory_analytics.TestMovementAnalysisAPI" name="test_movement_analysis_classification_values" time="0.140" /><testcase classname="backend.tests.test_iteration26_inventory_analytics.TestMovementExportAPI" name="test_movement_export_returns_excel" time="0.194" /><testcase classname="backend.tests.test_iteration26_inventory_analytics.TestBelowCostSalesAPI" name="test_below_cost_sales_returns_success" time="0.172" /><testcase classname="backend.tests.test_iteration26_inventory_analytics.TestBelowCostSalesAPI" name="test_below_cost_sales_summary_structure" time="0.144" /><testcase classname="backend.tests.test_iteration26_inventory_analytics.TestBelowCostSalesAPI" name="test_below_cost_items_have_required_fields" time="0.131" /><testcase classname="backend.tests.test_iteration26_inventory_analytics.TestBelowCostExportAPI" name="test_below_cost_export_returns_excel" time="0.134" /><testcase classname="backend.tests.test_iteration26_inventory_analytics.TestSalesFrequencyAPI" name="test_sales_frequency_returns_success" time="0.148" /><testcase classname="backend.tests.test_iteration26_inventory_analytics.TestSalesFrequencyAPI" name="test_sales_frequency_items_have_required_fields" time="0.127" /><testcase classname="backend.tests.test_iteration26_inventory_analytics.TestSalesFrequencyAPI" name="test_sales_frequency_with_date_filter" time="0.140" /><testcase classname="backend.tests.test_iteration26_inventory_analytics.TestSalesFrequencyExportAPI" name="test_sales_frequency_export_excel" time="0.138" /><testcase classname="backend.tests.test_iteration26_inventory_analytics.TestSalesFrequencyExportAPI" name="test_sales_frequency_export_pdf" time="0.158" /><testcase classname="backend.tests.test_iteration26_inventory_analytics.TestDataIsolation" name="test_admin_sees_inventory_data" time="0.162" /><testcase classname="backend.tests.test_iteration26_inventory_analytics.TestDataIsolation" name="test_test_admin_sees_zero_items" time="0.450" /><testcase classname="backend.tests.test_iteration26_inventory_analytics.TestFYFiltering" name="test_movement_analysis_respects_fy" time="0.285" /></testsuite></testsuites>