<?xml version="1.0" encoding="utf-8"?><testsuites name="pytest tests"><testsuite name="pytest" errors="0" failures="0" skipped="0" tests="13" time="325.551" timestamp="2026-08-13T13:09:19.798543+00:00" hostname="agent-env-5924a6db-6746-445a-85a8-e042183d38b7"><testcase classname="tests.test_iteration147_busy_v153_backend_ingest" name="test_backend_reachable" time="0.149" /><testcase classname="tests.test_iteration147_busy_v153_backend_ingest" name="test_sync_rejects_missing_token" time="0.104" /><testcase classname="tests.test_iteration147_busy_v153_backend_ingest" name="test_sync_rejects_bad_token" time="0.123" /><testcase classname="tests.test_iteration147_busy_v153_backend_ingest" name="test_payment_vouchers_ingest" time="41.262" /><testcase classname="tests.test_iteration147_busy_v153_backend_ingest" name="test_sundry_journals_ingest" time="28.902" /><testcase classname="tests.test_iteration147_busy_v153_backend_ingest" name="test_purchase_vouchers_ingest" time="30.300" /><testcase classname="tests.test_iteration147_busy_v153_backend_ingest" name="test_contra_vouchers_ingest" time="29.012" /><testcase classname="tests.test_iteration147_busy_v153_backend_ingest" name="test_journal_vouchers_ingest" time="32.297" /><testcase classname="tests.test_iteration147_busy_v153_backend_ingest" name="test_debit_notes_ingest" time="28.457" /><testcase classname="tests.test_iteration147_busy_v153_backend_ingest" name="test_credit_notes_ingest_folded" time="87.796" /><testcase classname="tests.test_iteration147_busy_v153_backend_ingest" name="test_customers_ingest_still_works" time="30.244" /><testcase classname="tests.test_iteration147_busy_v153_backend_ingest" name="test_customers_outstanding_endpoint" time="16.623" /><testcase classname="tests.test_iteration147_busy_v153_backend_ingest" name="test_tenant_isolation_foreign_token_rejected" time="0.187" /></testsuite></testsuites>