<?xml version="1.0" encoding="utf-8"?><testsuites name="pytest tests"><testsuite name="pytest" errors="0" failures="0" skipped="0" tests="11" time="4.671" timestamp="2026-04-13T04:32:23.983674+00:00" hostname="agent-env-5924a6db-6746-445a-85a8-e042183d38b7"><testcase classname="backend.tests.test_iteration43_ca_corner.TestCACornerFeature" name="test_cash_flow_endpoint_returns_success" time="0.573" /><testcase classname="backend.tests.test_iteration43_ca_corner.TestCACornerFeature" name="test_cash_flow_data_structure" time="0.464" /><testcase classname="backend.tests.test_iteration43_ca_corner.TestCACornerFeature" name="test_cash_flow_with_fy_param" time="0.433" /><testcase classname="backend.tests.test_iteration43_ca_corner.TestCACornerFeature" name="test_profit_loss_annual_view" time="0.430" /><testcase classname="backend.tests.test_iteration43_ca_corner.TestCACornerFeature" name="test_profit_loss_monthly_view" time="0.411" /><testcase classname="backend.tests.test_iteration43_ca_corner.TestCACornerFeature" name="test_profit_loss_default_view" time="0.428" /><testcase classname="backend.tests.test_iteration43_ca_corner.TestCACornerFeature" name="test_ai_expense_insights_endpoint" time="0.412" /><testcase classname="backend.tests.test_iteration43_ca_corner.TestCACornerFeature" name="test_cash_flow_requires_auth" time="0.495" /><testcase classname="backend.tests.test_iteration43_ca_corner.TestCACornerFeature" name="test_profit_loss_requires_auth" time="0.483" /><testcase classname="backend.tests.test_iteration43_ca_corner.TestCACornerFeatureGating" name="test_admin_has_ca_corner_feature" time="0.330" /><testcase classname="backend.tests.test_iteration43_ca_corner.TestLandingPageEnterprisePlan" name="test_landing_page_loads" time="0.127" /></testsuite></testsuites>