<?xml version="1.0" encoding="utf-8"?><testsuites name="pytest tests"><testsuite name="pytest" errors="0" failures="0" skipped="0" tests="9" time="2.550" timestamp="2026-04-16T17:10:50.314802+00:00" hostname="agent-env-5924a6db-6746-445a-85a8-e042183d38b7"><testcase classname="backend.tests.test_iteration48_jv_fix.TestJVPartyAmountFix" name="test_outstanding_endpoint_returns_200" time="0.787" /><testcase classname="backend.tests.test_iteration48_jv_fix.TestJVPartyAmountFix" name="test_abhishek_auto_parts_outstanding_is_zero" time="0.312" /><testcase classname="backend.tests.test_iteration48_jv_fix.TestJVPartyAmountFix" name="test_journal_credit_is_party_specific" time="0.175" /><testcase classname="backend.tests.test_iteration48_jv_fix.TestJVPartyAmountFix" name="test_bk_sales_journal_credit" time="0.169" /><testcase classname="backend.tests.test_iteration48_jv_fix.TestPaymentBehaviorJVFix" name="test_payment_behavior_endpoint_returns_200" time="0.197" /><testcase classname="backend.tests.test_iteration48_jv_fix.TestPaymentBehaviorJVFix" name="test_payment_behavior_journal_credit_is_party_specific" time="0.254" /><testcase classname="backend.tests.test_iteration48_jv_fix.TestOverdueDigest" name="test_overdue_digest_returns_200" time="0.155" /><testcase classname="backend.tests.test_iteration48_jv_fix.TestOverdueDigest" name="test_overdue_digest_has_expected_fields" time="0.154" /><testcase classname="backend.tests.test_iteration48_jv_fix.TestOutstandingCalculationFormula" name="test_outstanding_formula_verification" time="0.275" /></testsuite></testsuites>