<?xml version="1.0" encoding="utf-8"?><testsuites name="pytest tests"><testsuite name="pytest" errors="0" failures="0" skipped="0" tests="11" time="5.534" timestamp="2026-04-10T15:22:44.096695+00:00" hostname="agent-env-5924a6db-6746-445a-85a8-e042183d38b7"><testcase classname="backend.tests.test_iteration25_movement_analysis.TestMovementAnalysisAPI" name="test_movement_analysis_returns_correct_structure" time="0.551" /><testcase classname="backend.tests.test_iteration25_movement_analysis.TestMovementAnalysisAPI" name="test_movement_data_has_all_columns" time="0.477" /><testcase classname="backend.tests.test_iteration25_movement_analysis.TestMovementAnalysisAPI" name="test_movement_rate_formula_correct" time="0.401" /><testcase classname="backend.tests.test_iteration25_movement_analysis.TestMovementAnalysisAPI" name="test_days_to_sell_zero_when_no_stock" time="0.435" /><testcase classname="backend.tests.test_iteration25_movement_analysis.TestMovementAnalysisAPI" name="test_classification_categories" time="0.430" /><testcase classname="backend.tests.test_iteration25_movement_analysis.TestMovementAnalysisAPI" name="test_inward_column_present" time="0.678" /><testcase classname="backend.tests.test_iteration25_movement_analysis.TestMovementAnalysisAPI" name="test_opening_stock_calculation" time="0.509" /><testcase classname="backend.tests.test_iteration25_movement_analysis.TestMovementAnalysisAPI" name="test_fy_days_calculated" time="0.532" /><testcase classname="backend.tests.test_iteration25_movement_analysis.TestMovementAnalysisAPI" name="test_movement_rate_not_200_percent" time="0.510" /><testcase classname="backend.tests.test_iteration25_movement_analysis.TestMovementAnalysisSecurity" name="test_test_admin_sees_no_data" time="0.385" /><testcase classname="backend.tests.test_iteration25_movement_analysis.TestMovementAnalysisFYFiltering" name="test_different_fy_returns_different_data" time="0.538" /></testsuite></testsuites>