<?xml version="1.0" encoding="utf-8"?><testsuites name="pytest tests"><testsuite name="pytest" errors="0" failures="0" skipped="0" tests="11" time="1.671" timestamp="2026-04-16T17:49:55.671006+00:00" hostname="agent-env-5924a6db-6746-445a-85a8-e042183d38b7"><testcase classname="tests.test_iteration49_ob_fix.TestAnkitOpeningBalance" name="test_ankit_ob_fy_2025_26_should_be_zero" time="0.610" /><testcase classname="tests.test_iteration49_ob_fix.TestAnkitOpeningBalance" name="test_ankit_ob_fy_2026_27_should_be_tally_ob" time="0.080" /><testcase classname="tests.test_iteration49_ob_fix.TestFYContinuity" name="test_fy_continuity_all_customers" time="0.165" /><testcase classname="tests.test_iteration49_ob_fix.TestJVPartyAmountFix" name="test_abhishek_auto_parts_jv_fix" time="0.092" /><testcase classname="tests.test_iteration49_ob_fix.TestSaanviOpeningBalance" name="test_saanvi_ob_fy_2025_26" time="0.084" /><testcase classname="tests.test_iteration49_ob_fix.TestSaanviOpeningBalance" name="test_saanvi_ob_fy_2026_27" time="0.077" /><testcase classname="tests.test_iteration49_ob_fix.TestPaymentBehaviorOB" name="test_payment_behavior_ankit_ob_fy_2025_26" time="0.142" /><testcase classname="tests.test_iteration49_ob_fix.TestPaymentBehaviorOB" name="test_payment_behavior_ankit_ob_fy_2026_27" time="0.086" /><testcase classname="tests.test_iteration49_ob_fix.TestOverdueDigest" name="test_overdue_digest_returns_200" time="0.070" /><testcase classname="tests.test_iteration49_ob_fix.TestNoNonCustomerLedgers" name="test_no_bank_ledgers_in_outstanding" time="0.085" /><testcase classname="tests.test_iteration49_ob_fix.TestNoNonCustomerLedgers" name="test_no_expense_ledgers_in_outstanding" time="0.090" /></testsuite></testsuites>