<?xml version="1.0" encoding="utf-8"?><testsuites name="pytest tests"><testsuite name="pytest" errors="0" failures="0" skipped="0" tests="13" time="1.923" timestamp="2026-04-15T01:54:16.218877+00:00" hostname="agent-env-5924a6db-6746-445a-85a8-e042183d38b7"><testcase classname="backend.tests.test_reconcile_and_part_number.TestReconcileEndpoint" name="test_reconcile_endpoint_exists" time="0.256" /><testcase classname="backend.tests.test_reconcile_and_part_number.TestReconcileEndpoint" name="test_reconcile_requires_data_type_and_tenant" time="0.096" /><testcase classname="backend.tests.test_reconcile_and_part_number.TestReconcileEndpoint" name="test_reconcile_supported_data_types" time="0.578" /><testcase classname="backend.tests.test_reconcile_and_part_number.TestReconcileEndpoint" name="test_reconcile_unsupported_data_type" time="0.046" /><testcase classname="backend.tests.test_reconcile_and_part_number.TestReconcileEndpoint" name="test_reconcile_returns_deleted_count" time="0.049" /><testcase classname="backend.tests.test_reconcile_and_part_number.TestReconcileEndpoint" name="test_reconcile_with_empty_manifest" time="0.059" /><testcase classname="backend.tests.test_reconcile_and_part_number.TestPartNumberField" name="test_inventory_items_has_part_number" time="0.350" /><testcase classname="backend.tests.test_reconcile_and_part_number.TestPartNumberField" name="test_movement_analysis_has_part_number" time="0.064" /><testcase classname="backend.tests.test_reconcile_and_part_number.TestDesktopAgentDownload" name="test_agent_download_file_exists" time="0.051" /><testcase classname="backend.tests.test_reconcile_and_part_number.TestDesktopAgentDownload" name="test_agent_file_contains_v9" time="0.060" /><testcase classname="backend.tests.test_reconcile_and_part_number.TestDesktopAgentDownload" name="test_agent_file_contains_reconcile" time="0.049" /><testcase classname="backend.tests.test_reconcile_and_part_number.TestDesktopAgentDownload" name="test_agent_file_contains_partnumber" time="0.058" /><testcase classname="backend.tests.test_reconcile_and_part_number.TestSyncHistoryLogging" name="test_reconcile_logs_to_sync_history" time="0.122" /></testsuite></testsuites>