<?xml version="1.0" encoding="utf-8"?><testsuites name="pytest tests"><testsuite name="pytest" errors="0" failures="0" skipped="0" tests="20" time="49.898" timestamp="2026-05-12T02:58:16.316689+00:00" hostname="agent-env-5924a6db-6746-445a-85a8-e042183d38b7"><testcase classname="backend.tests.test_iteration99_salesman_rbac.TestSalesmanCustomerScoping" name="test_admin_outstanding_full_view" time="20.862" /><testcase classname="backend.tests.test_iteration99_salesman_rbac.TestSalesmanCustomerScoping" name="test_salesman_outstanding_scoped" time="3.846" /><testcase classname="backend.tests.test_iteration99_salesman_rbac.TestSalesmanCustomerScoping" name="test_salesman_followups_scoped" time="1.527" /><testcase classname="backend.tests.test_iteration99_salesman_rbac.TestSalesmanCustomerScoping" name="test_salesman_targets_scoped" time="2.973" /><testcase classname="backend.tests.test_iteration99_salesman_rbac.TestSalesmanCustomerScoping" name="test_salesman_payment_behavior_scoped" time="4.455" /><testcase classname="backend.tests.test_iteration99_salesman_rbac.TestSalesmanCustomerScoping" name="test_salesman_ledger_export_denied_for_unmapped" time="0.765" /><testcase classname="backend.tests.test_iteration99_salesman_rbac.TestSalesmanCustomerScoping" name="test_salesman_ledger_export_allowed_for_mapped" time="3.373" /><testcase classname="backend.tests.test_iteration99_salesman_rbac.TestUnmappedSalesman" name="test_unmapped_salesman_returns_empty_not_full" time="3.772" /><testcase classname="backend.tests.test_iteration99_salesman_rbac.TestAgentRegression" name="test_sync_rejects_missing_token" time="0.130" /><testcase classname="backend.tests.test_iteration99_salesman_rbac.TestAgentRegression" name="test_reconcile_rejects_missing_token" time="0.107" /><testcase classname="backend.tests.test_iteration99_salesman_rbac.TestAgentRegression" name="test_commands_get_rejects_missing_token" time="0.116" /><testcase classname="backend.tests.test_iteration99_salesman_rbac.TestAgentRegression" name="test_sync_progress_soft_mode" time="0.575" /><testcase classname="backend.tests.test_iteration99_salesman_rbac.TestAgentRegression" name="test_commands_ack_soft_mode" time="0.363" /><testcase classname="backend.tests.test_iteration99_salesman_rbac.TestAgentRegression" name="test_latest_version" time="0.103" /><testcase classname="backend.tests.test_iteration99_salesman_rbac.TestAgentRegression" name="test_check_update_older" time="0.101" /><testcase classname="backend.tests.test_iteration99_salesman_rbac.TestTenantIsolation" name="test_demo_cannot_read_admin_tenant" time="2.096" /><testcase classname="backend.tests.test_iteration99_salesman_rbac.TestAuthFlows" name="test_login[admin-admin123]" time="1.017" /><testcase classname="backend.tests.test_iteration99_salesman_rbac.TestAuthFlows" name="test_login[superadmin-superadmin123]" time="0.795" /><testcase classname="backend.tests.test_iteration99_salesman_rbac.TestAuthFlows" name="test_login[ravi@test.com-ravi1234]" time="1.726" /><testcase classname="backend.tests.test_iteration99_salesman_rbac.TestAuthFlows" name="test_login[demo@flowralive.in-demo2026]" time="1.047" /></testsuite></testsuites>