<?xml version="1.0" encoding="utf-8"?><testsuites name="pytest tests"><testsuite name="pytest" errors="0" failures="0" skipped="0" tests="21" time="6.633" timestamp="2026-04-23T04:47:56.410843+00:00" hostname="agent-env-5924a6db-6746-445a-85a8-e042183d38b7"><testcase classname="backend.tests.test_iteration50_dispatch.TestDispatchCards" name="test_get_dispatch_cards_active" time="0.629" /><testcase classname="backend.tests.test_iteration50_dispatch.TestDispatchCards" name="test_get_dispatch_cards_with_search" time="0.114" /><testcase classname="backend.tests.test_iteration50_dispatch.TestDispatchCards" name="test_create_manual_dispatch_card" time="0.273" /><testcase classname="backend.tests.test_iteration50_dispatch.TestDispatchCards" name="test_create_manual_card_invalid_reason" time="0.104" /><testcase classname="backend.tests.test_iteration50_dispatch.TestDispatchCards" name="test_update_card_fields" time="0.322" /><testcase classname="backend.tests.test_iteration50_dispatch.TestDispatchCards" name="test_card_status_transition" time="0.441" /><testcase classname="backend.tests.test_iteration50_dispatch.TestDispatchCards" name="test_card_status_packed_requires_physical_check" time="0.409" /><testcase classname="backend.tests.test_iteration50_dispatch.TestDispatchCards" name="test_card_hold_status" time="0.350" /><testcase classname="backend.tests.test_iteration50_dispatch.TestDispatchCards" name="test_invalid_status_transition" time="0.217" /><testcase classname="backend.tests.test_iteration50_dispatch.TestAutoCreate" name="test_auto_create_from_invoices" time="0.451" /><testcase classname="backend.tests.test_iteration50_dispatch.TestPorterManagement" name="test_get_porters" time="0.431" /><testcase classname="backend.tests.test_iteration50_dispatch.TestPorterManagement" name="test_create_porter" time="0.113" /><testcase classname="backend.tests.test_iteration50_dispatch.TestPorterManagement" name="test_create_porter_without_name_fails" time="0.102" /><testcase classname="backend.tests.test_iteration50_dispatch.TestPorterManagement" name="test_update_porter" time="0.219" /><testcase classname="backend.tests.test_iteration50_dispatch.TestPorterManagement" name="test_porter_settlement" time="0.098" /><testcase classname="backend.tests.test_iteration50_dispatch.TestPorterManagement" name="test_record_porter_payment" time="0.275" /><testcase classname="backend.tests.test_iteration50_dispatch.TestDispatchEmployees" name="test_get_dispatch_employees" time="0.463" /><testcase classname="backend.tests.test_iteration50_dispatch.TestDispatchSummary" name="test_get_dispatch_summary" time="0.646" /><testcase classname="backend.tests.test_iteration50_dispatch.TestDispatchSummary" name="test_get_dispatch_history" time="0.114" /><testcase classname="backend.tests.test_iteration50_dispatch.TestDispatchSummary" name="test_dispatch_history_search" time="0.104" /><testcase classname="backend.tests.test_iteration50_dispatch.TestDispatchRoleInAuth" name="test_dispatch_role_available_in_user_creation" time="0.651" /></testsuite></testsuites>