<?xml version="1.0" encoding="utf-8"?><testsuites name="pytest tests"><testsuite name="pytest" errors="0" failures="2" skipped="0" tests="6" time="181.646" timestamp="2026-08-13T12:08:18.292094+00:00" hostname="agent-env-5924a6db-6746-445a-85a8-e042183d38b7"><testcase classname="tests.test_iteration145_busy_v152_real_ingest" name="test_sync_token_valid" time="18.313" /><testcase classname="tests.test_iteration145_busy_v152_real_ingest" name="test_customers_roundtrip_v152" time="41.976" /><testcase classname="tests.test_iteration145_busy_v152_real_ingest" name="test_sales_vouchers_items_v152" time="35.210" /><testcase classname="tests.test_iteration145_busy_v152_real_ingest" name="test_sales_vouchers_busy_doc_link_persistence" time="34.995"><failure message="AssertionError: busy_doc_link DROPPED by SalesVoucher(extra='ignore'). Persisted doc: ['company_id', 'tenant_id', 'voucher_id', 'destination', 'dispatch_through', 'items', 'last_updated', 'ledger_entries', 'party_name', 'reference_number', 'salesman', 'total_amount', 'voucher_date', 'voucher_type']&#10;assert False&#10; +  where False = &lt;built-in method startswith of str object at 0xf919c64d0be8&gt;('https://drive.google.com/')&#10; +    where &lt;built-in method startswith of str object at 0xf919c64d0be8&gt; = ''.startswith&#10; +      where '' = &lt;built-in method get of dict object at 0xf919b42eed00&gt;('busy_doc_link', '')&#10; +        where &lt;built-in method get of dict object at 0xf919b42eed00&gt; = {'company_id': 'b21b291b-afcd-4152-b166-85be751d94bb', 'destination': None, 'dispatch_through': None, 'items': [{'amount': 858.55, 'discount': 1013.09, 'gst_amount': 434.45, 'gst_pct': 33.6, ...}], ...}.get">tests/test_iteration145_busy_v152_real_ingest.py:197: in test_sales_vouchers_busy_doc_link_persistence
    assert persisted.get("busy_doc_link", "").startswith("https://drive.google.com/"), (
E   AssertionError: busy_doc_link DROPPED by SalesVoucher(extra='ignore'). Persisted doc: ['company_id', 'tenant_id', 'voucher_id', 'destination', 'dispatch_through', 'items', 'last_updated', 'ledger_entries', 'party_name', 'reference_number', 'salesman', 'total_amount', 'voucher_date', 'voucher_type']
E   assert False
E    +  where False = &lt;built-in method startswith of str object at 0xf919c64d0be8&gt;('https://drive.google.com/')
E    +    where &lt;built-in method startswith of str object at 0xf919c64d0be8&gt; = ''.startswith
E    +      where '' = &lt;built-in method get of dict object at 0xf919b42eed00&gt;('busy_doc_link', '')
E    +        where &lt;built-in method get of dict object at 0xf919b42eed00&gt; = {'company_id': 'b21b291b-afcd-4152-b166-85be751d94bb', 'destination': None, 'dispatch_through': None, 'items': [{'amount': 858.55, 'discount': 1013.09, 'gst_amount': 434.45, 'gst_pct': 33.6, ...}], ...}.get</failure></testcase><testcase classname="tests.test_iteration145_busy_v152_real_ingest" name="test_inventory_items_v152_enriched_persistence" time="48.356"><failure message="AssertionError: v1.5.2 enriched fields DROPPED by backend for item 1288: ['sku_code', 'hsn_code', 'sale_price', 'cost_price', 'closing_qty']. Agent sent: sku=10039927AA hsn=271019 sp=220.34 cp=233.23 qty=40.0. Persisted: {'id': '5ccc93d2-4460-403a-b11b-d5aab9949fd0', 'item_id': '1288', 'item_name': 'SARTHI Engine Oil 1 LTR', 'part_number': 'SARTHI Engine Oil 1 LTR', 'quantity': 40.0, 'unit': '', 'price': 220.34, 'purchase_price': None, 'standard_price': None, 'standard_price_source': None, 'abc_category': None, 'category': None, 'stock_group': 'AAA SONALIKA SARTHI OIL', 'root_stock_group': None, 'aliases': None, 'reorder_level': None, 'opening_quantity': None, 'opening_rate': None, 'opening_value': None, 'closing_value': None, 'last_updated': '2026-08-13T12:11:13.431557+00:00', 'tenant_id': '1524ec0e-faae-448c-9f24-1ae8f51c399e', 'company_id': 'b21b291b-afcd-4152-b166-85be751d94bb'}&#10;assert not ['sku_code', 'hsn_code', 'sale_price', 'cost_price', 'closing_qty']">tests/test_iteration145_busy_v152_real_ingest.py:246: in test_inventory_items_v152_enriched_persistence
    assert not missing, (
E   AssertionError: v1.5.2 enriched fields DROPPED by backend for item 1288: ['sku_code', 'hsn_code', 'sale_price', 'cost_price', 'closing_qty']. Agent sent: sku=10039927AA hsn=271019 sp=220.34 cp=233.23 qty=40.0. Persisted: {'id': '5ccc93d2-4460-403a-b11b-d5aab9949fd0', 'item_id': '1288', 'item_name': 'SARTHI Engine Oil 1 LTR', 'part_number': 'SARTHI Engine Oil 1 LTR', 'quantity': 40.0, 'unit': '', 'price': 220.34, 'purchase_price': None, 'standard_price': None, 'standard_price_source': None, 'abc_category': None, 'category': None, 'stock_group': 'AAA SONALIKA SARTHI OIL', 'root_stock_group': None, 'aliases': None, 'reorder_level': None, 'opening_quantity': None, 'opening_rate': None, 'opening_value': None, 'closing_value': None, 'last_updated': '2026-08-13T12:11:13.431557+00:00', 'tenant_id': '1524ec0e-faae-448c-9f24-1ae8f51c399e', 'company_id': 'b21b291b-afcd-4152-b166-85be751d94bb'}
E   assert not ['sku_code', 'hsn_code', 'sale_price', 'cost_price', 'closing_qty']</failure></testcase><testcase classname="tests.test_iteration145_busy_v152_real_ingest" name="test_current_db_state_stale_v151_bugs_visible" time="2.646" /></testsuite></testsuites>