<?xml version="1.0" encoding="utf-8"?><testsuites name="pytest tests"><testsuite name="pytest" errors="0" failures="0" skipped="0" tests="19" time="3.385" timestamp="2026-04-09T15:35:11.036383+00:00" hostname="agent-env-5924a6db-6746-445a-85a8-e042183d38b7"><testcase classname="backend.tests.test_iteration15_features.TestAuth" name="test_login_admin" time="0.393" /><testcase classname="backend.tests.test_iteration15_features.TestDashboard" name="test_inventory_summary_returns_low_stock" time="0.145" /><testcase classname="backend.tests.test_iteration15_features.TestDashboard" name="test_sales_summary" time="0.126" /><testcase classname="backend.tests.test_iteration15_features.TestDashboard" name="test_overdue_digest" time="0.140" /><testcase classname="backend.tests.test_iteration15_features.TestCRMOutstanding" name="test_outstanding_returns_customers" time="0.134" /><testcase classname="backend.tests.test_iteration15_features.TestCRMOutstanding" name="test_outstanding_has_groups_and_states" time="0.182" /><testcase classname="backend.tests.test_iteration15_features.TestCRMPaymentBehavior" name="test_payment_behavior_returns_summary" time="0.158" /><testcase classname="backend.tests.test_iteration15_features.TestCRMPaymentBehavior" name="test_payment_behavior_customer_fields" time="0.142" /><testcase classname="backend.tests.test_iteration15_features.TestLedgerPDFExport" name="test_ledger_export_requires_customer" time="0.123" /><testcase classname="backend.tests.test_iteration15_features.TestLedgerPDFExport" name="test_ledger_export_with_valid_customer" time="0.340" /><testcase classname="backend.tests.test_iteration15_features.TestInventory" name="test_inventory_items_returns_stock_groups" time="0.146" /><testcase classname="backend.tests.test_iteration15_features.TestInventory" name="test_inventory_items_have_sortable_fields" time="0.139" /><testcase classname="backend.tests.test_iteration15_features.TestSales" name="test_sales_vouchers_have_sortable_fields" time="0.250" /><testcase classname="backend.tests.test_iteration15_features.TestAnalytics" name="test_movement_analysis" time="0.148" /><testcase classname="backend.tests.test_iteration15_features.TestAnalytics" name="test_below_cost_sales" time="0.135" /><testcase classname="backend.tests.test_iteration15_features.TestAnalytics" name="test_sales_frequency_returns_frequency_key" time="0.156" /><testcase classname="backend.tests.test_iteration15_features.TestSyncStatus" name="test_sync_status" time="0.123" /><testcase classname="backend.tests.test_iteration15_features.TestFollowups" name="test_get_followups" time="0.107" /><testcase classname="backend.tests.test_iteration15_features.TestTargets" name="test_get_targets" time="0.165" /></testsuite></testsuites>