<?xml version="1.0" encoding="utf-8"?><testsuites name="pytest tests"><testsuite name="pytest" errors="0" failures="0" skipped="0" tests="21" time="3.644" timestamp="2026-04-23T05:30:08.454927+00:00" hostname="agent-env-5924a6db-6746-445a-85a8-e042183d38b7"><testcase classname="backend.tests.test_iteration51_dispatch_overhaul.TestDispatchSettings" name="test_get_dispatch_settings" time="0.538" /><testcase classname="backend.tests.test_iteration51_dispatch_overhaul.TestDispatchSettings" name="test_save_dispatch_settings" time="0.111" /><testcase classname="backend.tests.test_iteration51_dispatch_overhaul.TestAutoCreateWithDate" name="test_auto_create_without_date_first_time" time="0.208" /><testcase classname="backend.tests.test_iteration51_dispatch_overhaul.TestAutoCreateWithDate" name="test_auto_create_with_from_date" time="0.115" /><testcase classname="backend.tests.test_iteration51_dispatch_overhaul.TestTransporterCRUD" name="test_get_transporters" time="0.100" /><testcase classname="backend.tests.test_iteration51_dispatch_overhaul.TestTransporterCRUD" name="test_create_transporter" time="0.098" /><testcase classname="backend.tests.test_iteration51_dispatch_overhaul.TestTransporterCRUD" name="test_create_transporter_without_name_fails" time="0.101" /><testcase classname="backend.tests.test_iteration51_dispatch_overhaul.TestPorterCRUD" name="test_get_porters" time="0.110" /><testcase classname="backend.tests.test_iteration51_dispatch_overhaul.TestPorterCRUD" name="test_create_porter" time="0.106" /><testcase classname="backend.tests.test_iteration51_dispatch_overhaul.TestDispatchCards" name="test_get_active_cards" time="0.103" /><testcase classname="backend.tests.test_iteration51_dispatch_overhaul.TestDispatchCards" name="test_get_cards_by_status" time="0.584" /><testcase classname="backend.tests.test_iteration51_dispatch_overhaul.TestDispatchCards" name="test_update_card_fields" time="0.209" /><testcase classname="backend.tests.test_iteration51_dispatch_overhaul.TestDispatchCards" name="test_status_transition" time="0.195" /><testcase classname="backend.tests.test_iteration51_dispatch_overhaul.TestDispatchCards" name="test_invalid_status_transition" time="0.200" /><testcase classname="backend.tests.test_iteration51_dispatch_overhaul.TestDispatchHistory" name="test_get_dispatch_history" time="0.109" /><testcase classname="backend.tests.test_iteration51_dispatch_overhaul.TestDispatchHistory" name="test_search_dispatch_history" time="0.106" /><testcase classname="backend.tests.test_iteration51_dispatch_overhaul.TestDispatchHistory" name="test_paginated_history" time="0.097" /><testcase classname="backend.tests.test_iteration51_dispatch_overhaul.TestDispatchSummary" name="test_get_dispatch_summary" time="0.103" /><testcase classname="backend.tests.test_iteration51_dispatch_overhaul.TestDispatchSummary" name="test_get_summary_for_specific_date" time="0.099" /><testcase classname="backend.tests.test_iteration51_dispatch_overhaul.TestPorterSettlement" name="test_get_porter_settlement" time="0.142" /><testcase classname="backend.tests.test_iteration51_dispatch_overhaul.TestDispatchEmployees" name="test_get_dispatch_employees" time="0.110" /></testsuite></testsuites>