<?xml version="1.0" encoding="utf-8"?><testsuites name="pytest tests"><testsuite name="pytest" errors="0" failures="0" skipped="0" tests="15" time="2.797" timestamp="2026-04-07T15:52:45.308847+00:00" hostname="agent-env-5924a6db-6746-445a-85a8-e042183d38b7"><testcase classname="backend.tests.test_flowra_rebrand.TestAuthEndpoints" name="test_admin_login_success" time="0.386" /><testcase classname="backend.tests.test_flowra_rebrand.TestAuthEndpoints" name="test_employee_login_success" time="0.351" /><testcase classname="backend.tests.test_flowra_rebrand.TestAuthEndpoints" name="test_login_invalid_credentials" time="0.139" /><testcase classname="backend.tests.test_flowra_rebrand.TestTallyStatus" name="test_tally_status_endpoint" time="0.176" /><testcase classname="backend.tests.test_flowra_rebrand.TestInventoryEndpoints" name="test_get_inventory_items" time="0.107" /><testcase classname="backend.tests.test_flowra_rebrand.TestInventoryEndpoints" name="test_inventory_has_stock_groups" time="0.178" /><testcase classname="backend.tests.test_flowra_rebrand.TestSalesEndpoints" name="test_get_sales_vouchers" time="0.114" /><testcase classname="backend.tests.test_flowra_rebrand.TestSalesEndpoints" name="test_sales_voucher_detail" time="0.261" /><testcase classname="backend.tests.test_flowra_rebrand.TestSalesEndpoints" name="test_sales_analytics" time="0.127" /><testcase classname="backend.tests.test_flowra_rebrand.TestCRMEndpoints" name="test_get_outstanding_customers" time="0.113" /><testcase classname="backend.tests.test_flowra_rebrand.TestCRMEndpoints" name="test_outstanding_status_values" time="0.104" /><testcase classname="backend.tests.test_flowra_rebrand.TestCRMEndpoints" name="test_get_followups" time="0.134" /><testcase classname="backend.tests.test_flowra_rebrand.TestCRMEndpoints" name="test_get_targets" time="0.159" /><testcase classname="backend.tests.test_flowra_rebrand.TestExportEndpoints" name="test_export_inventory_csv" time="0.182" /><testcase classname="backend.tests.test_flowra_rebrand.TestExportEndpoints" name="test_export_sales_csv" time="0.169" /></testsuite></testsuites>