<?xml version="1.0" encoding="utf-8"?><testsuites name="pytest tests"><testsuite name="pytest" errors="0" failures="0" skipped="0" tests="15" time="9.839" timestamp="2026-04-10T16:52:52.097270+00:00" hostname="agent-env-5924a6db-6746-445a-85a8-e042183d38b7"><testcase classname="backend.tests.test_iteration27_payment_behavior.TestPaymentBehaviorAPI" name="test_payment_behavior_with_fy_filter" time="0.529" /><testcase classname="backend.tests.test_iteration27_payment_behavior.TestPaymentBehaviorAPI" name="test_payment_behavior_without_fy_filter" time="0.468" /><testcase classname="backend.tests.test_iteration27_payment_behavior.TestPaymentBehaviorAPI" name="test_payment_behavior_has_opening_balance_field" time="3.348" /><testcase classname="backend.tests.test_iteration27_payment_behavior.TestPaymentBehaviorAPI" name="test_payment_behavior_customer_fields" time="0.445" /><testcase classname="backend.tests.test_iteration27_payment_behavior.TestPaymentBehaviorAPI" name="test_payment_behavior_fy_changes_customer_count" time="0.515" /><testcase classname="backend.tests.test_iteration27_payment_behavior.TestPaymentBehaviorAPI" name="test_payment_behavior_closing_balance_can_be_negative" time="0.437" /><testcase classname="backend.tests.test_iteration27_payment_behavior.TestFeatureGating" name="test_admin_has_10_features" time="0.328" /><testcase classname="backend.tests.test_iteration27_payment_behavior.TestFeatureGating" name="test_admin_has_insider_feature" time="0.353" /><testcase classname="backend.tests.test_iteration27_payment_behavior.TestFeatureGating" name="test_all_expected_features_present" time="0.336" /><testcase classname="backend.tests.test_iteration27_payment_behavior.TestSuperAdminFeatures" name="test_superadmin_can_list_admins" time="0.400" /><testcase classname="backend.tests.test_iteration27_payment_behavior.TestOutstandingAPI" name="test_outstanding_endpoint_works" time="0.437" /><testcase classname="backend.tests.test_iteration27_payment_behavior.TestInsiderEndpoints" name="test_customer_lifecycle_endpoint" time="0.405" /><testcase classname="backend.tests.test_iteration27_payment_behavior.TestInsiderEndpoints" name="test_sales_forecast_endpoint" time="0.539" /><testcase classname="backend.tests.test_iteration27_payment_behavior.TestInsiderEndpoints" name="test_spip_analysis_endpoint" time="0.826" /><testcase classname="backend.tests.test_iteration27_payment_behavior.TestInsiderEndpoints" name="test_concentration_risk_endpoint" time="0.401" /></testsuite></testsuites>