<?xml version="1.0" encoding="utf-8"?><testsuites name="pytest tests"><testsuite name="pytest" errors="0" failures="0" skipped="0" tests="16" time="2.798" timestamp="2026-04-09T11:39:47.086601+00:00" hostname="agent-env-5924a6db-6746-445a-85a8-e042183d38b7"><testcase classname="backend.tests.test_iteration14_new_features.TestSyncHistory" name="test_sync_history_endpoint_exists" time="0.252" /><testcase classname="backend.tests.test_iteration14_new_features.TestSyncHistory" name="test_sync_history_returns_cycles_structure" time="0.149" /><testcase classname="backend.tests.test_iteration14_new_features.TestSyncHistory" name="test_sync_history_with_limit_param" time="0.147" /><testcase classname="backend.tests.test_iteration14_new_features.TestCreditNotesSync" name="test_sync_credit_notes_empty" time="0.186" /><testcase classname="backend.tests.test_iteration14_new_features.TestCreditNotesSync" name="test_sync_credit_notes_with_data" time="0.200" /><testcase classname="backend.tests.test_iteration14_new_features.TestJournalVouchersSync" name="test_sync_journal_vouchers_empty" time="0.126" /><testcase classname="backend.tests.test_iteration14_new_features.TestJournalVouchersSync" name="test_sync_journal_vouchers_with_data" time="0.134" /><testcase classname="backend.tests.test_iteration14_new_features.TestStockJournalsSync" name="test_sync_stock_journals_empty" time="0.107" /><testcase classname="backend.tests.test_iteration14_new_features.TestStockJournalsSync" name="test_sync_stock_journals_with_data" time="0.122" /><testcase classname="backend.tests.test_iteration14_new_features.TestLedgerPDFExport" name="test_ledger_export_missing_customer" time="0.118" /><testcase classname="backend.tests.test_iteration14_new_features.TestLedgerPDFExport" name="test_ledger_export_nonexistent_customer" time="0.115" /><testcase classname="backend.tests.test_iteration14_new_features.TestLedgerPDFExport" name="test_ledger_export_with_test_customer" time="0.245" /><testcase classname="backend.tests.test_iteration14_new_features.TestSyncHistoryPopulation" name="test_sync_creates_history_entry" time="0.226" /><testcase classname="backend.tests.test_iteration14_new_features.TestAuthAndExistingEndpoints" name="test_login_still_works" time="0.346" /><testcase classname="backend.tests.test_iteration14_new_features.TestAuthAndExistingEndpoints" name="test_sync_status_still_works" time="0.112" /><testcase classname="backend.tests.test_iteration14_new_features.TestAuthAndExistingEndpoints" name="test_customers_outstanding_still_works" time="0.122" /></testsuite></testsuites>