<?xml version="1.0" encoding="utf-8"?><testsuites name="pytest tests"><testsuite name="pytest" errors="0" failures="0" skipped="0" tests="15" time="6.742" timestamp="2026-04-23T16:21:51.860496+00:00" hostname="agent-env-5924a6db-6746-445a-85a8-e042183d38b7"><testcase classname="backend.tests.test_iteration54_ca_corner_enhancements.TestCACornerEnhancements" name="test_balance_sheet_endpoint_returns_success" time="0.606" /><testcase classname="backend.tests.test_iteration54_ca_corner_enhancements.TestCACornerEnhancements" name="test_balance_sheet_returns_correct_structure" time="0.470" /><testcase classname="backend.tests.test_iteration54_ca_corner_enhancements.TestCACornerEnhancements" name="test_balance_sheet_returns_capital_field_when_data_exists" time="0.472" /><testcase classname="backend.tests.test_iteration54_ca_corner_enhancements.TestCACornerEnhancements" name="test_balance_sheet_handles_empty_data_gracefully" time="0.485" /><testcase classname="backend.tests.test_iteration54_ca_corner_enhancements.TestCACornerEnhancements" name="test_balance_sheet_requires_authentication" time="0.451" /><testcase classname="backend.tests.test_iteration54_ca_corner_enhancements.TestCACornerEnhancements" name="test_pl_drilldown_expense_returns_success" time="0.490" /><testcase classname="backend.tests.test_iteration54_ca_corner_enhancements.TestCACornerEnhancements" name="test_pl_drilldown_income_returns_success" time="0.463" /><testcase classname="backend.tests.test_iteration54_ca_corner_enhancements.TestCACornerEnhancements" name="test_pl_drilldown_returns_correct_structure" time="0.519" /><testcase classname="backend.tests.test_iteration54_ca_corner_enhancements.TestCACornerEnhancements" name="test_pl_drilldown_type_parameter_works" time="0.575" /><testcase classname="backend.tests.test_iteration54_ca_corner_enhancements.TestCACornerEnhancements" name="test_pl_drilldown_default_type_is_expense" time="0.463" /><testcase classname="backend.tests.test_iteration54_ca_corner_enhancements.TestCACornerEnhancements" name="test_pl_drilldown_requires_authentication" time="0.495" /><testcase classname="backend.tests.test_iteration54_ca_corner_enhancements.TestCACornerEnhancements" name="test_cash_flow_still_works" time="0.455" /><testcase classname="backend.tests.test_iteration54_ca_corner_enhancements.TestCACornerEnhancements" name="test_profit_loss_still_works" time="0.496" /><testcase classname="backend.tests.test_iteration54_ca_corner_enhancements.TestLandingPageFeatures" name="test_landing_page_loads" time="0.107" /><testcase classname="backend.tests.test_iteration54_ca_corner_enhancements.TestLandingPageFeatures" name="test_features_endpoint_if_exists" time="0.104" /></testsuite></testsuites>