<?xml version="1.0" encoding="utf-8"?><testsuites name="pytest tests"><testsuite name="pytest" errors="0" failures="0" skipped="0" tests="23" time="3.212" timestamp="2026-04-08T12:11:57.903706+00:00" hostname="agent-env-5924a6db-6746-445a-85a8-e042183d38b7"><testcase classname="tests.test_refactoring_iteration13.TestAuthEndpoints" name="test_login_success" time="0.390" /><testcase classname="tests.test_refactoring_iteration13.TestAuthEndpoints" name="test_login_invalid_credentials" time="0.335" /><testcase classname="tests.test_refactoring_iteration13.TestTallyEndpoints" name="test_tally_status" time="0.100" /><testcase classname="tests.test_refactoring_iteration13.TestSyncEndpoints" name="test_sync_status" time="0.112" /><testcase classname="tests.test_refactoring_iteration13.TestInventoryEndpoints" name="test_inventory_summary" time="0.107" /><testcase classname="tests.test_refactoring_iteration13.TestInventoryEndpoints" name="test_inventory_items" time="0.097" /><testcase classname="tests.test_refactoring_iteration13.TestInventoryEndpoints" name="test_inventory_movement_analysis" time="0.112" /><testcase classname="tests.test_refactoring_iteration13.TestSalesEndpoints" name="test_sales_summary" time="0.156" /><testcase classname="tests.test_refactoring_iteration13.TestSalesEndpoints" name="test_sales_vouchers" time="0.096" /><testcase classname="tests.test_refactoring_iteration13.TestCustomerEndpoints" name="test_customer_outstanding" time="0.097" /><testcase classname="tests.test_refactoring_iteration13.TestCustomerEndpoints" name="test_customer_payment_behavior" time="0.104" /><testcase classname="tests.test_refactoring_iteration13.TestCustomerEndpoints" name="test_customer_targets" time="0.105" /><testcase classname="tests.test_refactoring_iteration13.TestCustomerEndpoints" name="test_customer_followups" time="0.107" /><testcase classname="tests.test_refactoring_iteration13.TestSalesmanEndpoints" name="test_salesman_performance_detailed" time="0.097" /><testcase classname="tests.test_refactoring_iteration13.TestSalesmanEndpoints" name="test_salesman_performance" time="0.119" /><testcase classname="tests.test_refactoring_iteration13.TestSalesmanEndpoints" name="test_salesman_master" time="0.150" /><testcase classname="tests.test_refactoring_iteration13.TestDashboardEndpoints" name="test_dashboard_overdue_digest" time="0.106" /><testcase classname="tests.test_refactoring_iteration13.TestDashboardEndpoints" name="test_dashboard_reminders" time="0.100" /><testcase classname="tests.test_refactoring_iteration13.TestAIReportsEndpoints" name="test_reports_history" time="0.157" /><testcase classname="tests.test_refactoring_iteration13.TestAdditionalEndpoints" name="test_inventory_sales_frequency" time="0.143" /><testcase classname="tests.test_refactoring_iteration13.TestAdditionalEndpoints" name="test_inventory_purchase_orders" time="0.103" /><testcase classname="tests.test_refactoring_iteration13.TestAdditionalEndpoints" name="test_inventory_pivot_data" time="0.104" /><testcase classname="tests.test_refactoring_iteration13.TestAdditionalEndpoints" name="test_sales_analytics" time="0.105" /></testsuite></testsuites>