<?xml version="1.0" encoding="utf-8"?><testsuites name="pytest tests"><testsuite name="pytest" errors="0" failures="0" skipped="0" tests="7" time="43.143" timestamp="2026-04-13T02:49:44.767470+00:00" hostname="agent-env-5924a6db-6746-445a-85a8-e042183d38b7"><testcase classname="backend.tests.test_iteration42_bugfixes.TestInventoryFYFiltering" name="test_inventory_items_with_fy_2025_26" time="0.259" /><testcase classname="backend.tests.test_iteration42_bugfixes.TestInventoryFYFiltering" name="test_inventory_items_with_fy_2026_27" time="0.143" /><testcase classname="backend.tests.test_iteration42_bugfixes.TestInventoryFYFiltering" name="test_fy_filtering_changes_quantities" time="0.326" /><testcase classname="backend.tests.test_iteration42_bugfixes.TestAutoReorderLevels" name="test_auto_reorder_levels_success" time="0.213" /><testcase classname="backend.tests.test_iteration42_bugfixes.TestGeneratePurchaseOrder" name="test_generate_purchase_order_success" time="41.741" /><testcase classname="backend.tests.test_iteration42_bugfixes.TestSetReorderLevel" name="test_set_reorder_level" time="0.250" /><testcase classname="backend.tests.test_iteration42_bugfixes.TestInventorySorting" name="test_inventory_items_have_sortable_fields" time="0.134" /></testsuite></testsuites>