<?xml version="1.0" encoding="utf-8"?><testsuites name="pytest tests"><testsuite name="pytest" errors="0" failures="0" skipped="0" tests="15" time="46.737" timestamp="2026-09-11T15:13:36.903280+00:00" hostname="agent-env-5924a6db-6746-445a-85a8-e042183d38b7"><testcase classname="backend.tests.test_iteration131_superadmin_sweep.TestAdminCreateEmailOTP" name="test_request_otp_returns_fallback_when_resend_invalid" time="19.674" /><testcase classname="backend.tests.test_iteration131_superadmin_sweep.TestAdminCreateEmailOTP" name="test_verify_otp_wrong_code_rejected" time="0.632" /><testcase classname="backend.tests.test_iteration131_superadmin_sweep.TestAdminCreateEmailOTP" name="test_verify_otp_correct_returns_token" time="1.052" /><testcase classname="backend.tests.test_iteration131_superadmin_sweep.TestAdminCreateEmailOTP" name="test_create_admin_without_token_rejected" time="0.806" /><testcase classname="backend.tests.test_iteration131_superadmin_sweep.TestAdminCreateEmailOTP" name="test_create_admin_with_token_succeeds_and_burns" time="3.195" /><testcase classname="backend.tests.test_iteration131_superadmin_sweep.TestToggleActive" name="test_toggle_active_flips_flag" time="2.144" /><testcase classname="backend.tests.test_iteration131_superadmin_sweep.TestToggleActive" name="test_old_toggle_url_returns_404" time="0.133" /><testcase classname="backend.tests.test_iteration131_superadmin_sweep.TestConsentedDeleteOTP" name="test_recipient_is_user_admin_email" time="1.148" /><testcase classname="backend.tests.test_iteration131_superadmin_sweep.TestForcedDeleteOTP" name="test_recipient_is_ceo" time="1.194" /><testcase classname="backend.tests.test_iteration131_superadmin_sweep.TestForcedDeleteOTP" name="test_admin_not_found_returns_error" time="0.606" /><testcase classname="backend.tests.test_iteration131_superadmin_sweep.TestPaymentEnforcement" name="test_payment_without_invoice_rejected" time="0.872" /><testcase classname="backend.tests.test_iteration131_superadmin_sweep.TestPaymentEnforcement" name="test_generate_invoice_then_payment_succeeds" time="4.371" /><testcase classname="backend.tests.test_iteration131_superadmin_sweep.TestPaymentEnforcement" name="test_reconcile_toggle" time="2.722" /><testcase classname="backend.tests.test_iteration131_superadmin_sweep.TestBillingRazorpay" name="test_billing_config" time="1.436" /><testcase classname="backend.tests.test_iteration131_superadmin_sweep.TestBillingRazorpay" name="test_create_order_upgrade" time="6.628" /></testsuite></testsuites>