<?xml version="1.0" encoding="utf-8"?><testsuites name="pytest tests"><testsuite name="pytest" errors="0" failures="0" skipped="0" tests="13" time="1.797" timestamp="2026-04-11T11:55:04.400914+00:00" hostname="agent-env-5924a6db-6746-445a-85a8-e042183d38b7"><testcase classname="backend.tests.test_iteration34_customer_items.TestUUIDMigrationRegression" name="test_login_returns_uuid_tenant_id" time="0.384" /><testcase classname="backend.tests.test_iteration34_customer_items.TestUUIDMigrationRegression" name="test_login_returns_company_mappings" time="0.276" /><testcase classname="backend.tests.test_iteration34_customer_items.TestUUIDMigrationRegression" name="test_auth_me_returns_uuid_and_mappings" time="0.346" /><testcase classname="backend.tests.test_iteration34_customer_items.TestCustomerNamesEndpoint" name="test_customer_names_returns_list" time="0.051" /><testcase classname="backend.tests.test_iteration34_customer_items.TestCustomerNamesEndpoint" name="test_customer_names_contains_test_customer" time="0.049" /><testcase classname="backend.tests.test_iteration34_customer_items.TestCustomerNamesEndpoint" name="test_customer_names_without_fy" time="0.050" /><testcase classname="backend.tests.test_iteration34_customer_items.TestCustomerItemSalesEndpoint" name="test_customer_item_sales_requires_customer" time="0.050" /><testcase classname="backend.tests.test_iteration34_customer_items.TestCustomerItemSalesEndpoint" name="test_customer_item_sales_returns_data" time="0.105" /><testcase classname="backend.tests.test_iteration34_customer_items.TestCustomerItemSalesEndpoint" name="test_customer_item_sales_item_structure" time="0.097" /><testcase classname="backend.tests.test_iteration34_customer_items.TestCustomerItemSalesExport" name="test_export_requires_customer" time="0.046" /><testcase classname="backend.tests.test_iteration34_customer_items.TestCustomerItemSalesExport" name="test_export_returns_excel" time="0.109" /><testcase classname="backend.tests.test_iteration34_customer_items.TestDashboardWithUUID" name="test_sales_summary_with_uuid_company" time="0.056" /><testcase classname="backend.tests.test_iteration34_customer_items.TestDashboardWithUUID" name="test_inventory_summary_with_uuid_company" time="0.063" /></testsuite></testsuites>