<?xml version="1.0" encoding="utf-8"?><testsuites name="pytest tests"><testsuite name="pytest" errors="0" failures="0" skipped="0" tests="18" time="5.334" timestamp="2026-04-11T12:43:56.643591+00:00" hostname="agent-env-5924a6db-6746-445a-85a8-e042183d38b7"><testcase classname="backend.tests.test_iteration35_seller_panel.TestSuperAdminAuth" name="test_superadmin_login_success" time="0.362" /><testcase classname="backend.tests.test_iteration35_seller_panel.TestSuperAdminAuth" name="test_admin_login_success" time="0.334" /><testcase classname="backend.tests.test_iteration35_seller_panel.TestBusinessDashboard" name="test_business_dashboard_returns_metrics" time="0.463" /><testcase classname="backend.tests.test_iteration35_seller_panel.TestBusinessDashboard" name="test_business_dashboard_requires_superadmin" time="0.458" /><testcase classname="backend.tests.test_iteration35_seller_panel.TestPaymentsAPI" name="test_get_payments_returns_ledger" time="0.447" /><testcase classname="backend.tests.test_iteration35_seller_panel.TestPaymentsAPI" name="test_record_payment_success" time="0.116" /><testcase classname="backend.tests.test_iteration35_seller_panel.TestPaymentsAPI" name="test_record_payment_invalid_customer" time="0.123" /><testcase classname="backend.tests.test_iteration35_seller_panel.TestPaymentsAPI" name="test_record_payment_invalid_amount" time="0.124" /><testcase classname="backend.tests.test_iteration35_seller_panel.TestInvoicesAPI" name="test_generate_invoice_success" time="0.447" /><testcase classname="backend.tests.test_iteration35_seller_panel.TestInvoicesAPI" name="test_list_invoices_returns_counts" time="0.130" /><testcase classname="backend.tests.test_iteration35_seller_panel.TestInvoicesAPI" name="test_mark_invoice_paid" time="0.358" /><testcase classname="backend.tests.test_iteration35_seller_panel.TestInvoicesAPI" name="test_download_invoice_pdf" time="0.116" /><testcase classname="backend.tests.test_iteration35_seller_panel.TestInvoicesAPI" name="test_download_invoice_pdf_not_found" time="0.114" /><testcase classname="backend.tests.test_iteration35_seller_panel.TestCustomerLedger" name="test_customer_ledger_returns_full_history" time="0.458" /><testcase classname="backend.tests.test_iteration35_seller_panel.TestCustomerLedger" name="test_customer_ledger_not_found" time="0.108" /><testcase classname="backend.tests.test_iteration35_seller_panel.TestCustomerHealth" name="test_customer_health_returns_all_tenants" time="0.458" /><testcase classname="backend.tests.test_iteration35_seller_panel.TestExistingAPIs" name="test_superadmin_stats" time="0.439" /><testcase classname="backend.tests.test_iteration35_seller_panel.TestExistingAPIs" name="test_superadmin_admins_list" time="0.166" /></testsuite></testsuites>