<?xml version="1.0" encoding="utf-8"?><testsuites name="pytest tests"><testsuite name="pytest" errors="0" failures="0" skipped="0" tests="13" time="3.396" timestamp="2026-05-07T15:41:09.146384+00:00" hostname="agent-env-5924a6db-6746-445a-85a8-e042183d38b7"><testcase classname="backend.tests.test_iteration59_salesman_dispatch_inventory.TestAuditLogScoping" name="test_admin_sees_all_logs" time="0.534" /><testcase classname="backend.tests.test_iteration59_salesman_dispatch_inventory.TestAuditLogScoping" name="test_salesman_sees_only_own_logs" time="0.512" /><testcase classname="backend.tests.test_iteration59_salesman_dispatch_inventory.TestDispatchEmployees" name="test_admin_sees_dispatch_employees" time="0.152" /><testcase classname="backend.tests.test_iteration59_salesman_dispatch_inventory.TestSalesmanMyStats" name="test_my_stats_structure" time="0.146" /><testcase classname="backend.tests.test_iteration59_salesman_dispatch_inventory.TestSalesmanMyStats" name="test_my_stats_tenant_isolation" time="0.189" /><testcase classname="backend.tests.test_iteration59_salesman_dispatch_inventory.TestSalesmanCatalog" name="test_catalog_no_search_returns_items" time="0.158" /><testcase classname="backend.tests.test_iteration59_salesman_dispatch_inventory.TestSalesmanCatalog" name="test_catalog_search_by_part_number" time="0.302" /><testcase classname="backend.tests.test_iteration59_salesman_dispatch_inventory.TestInventoryABC" name="test_abc_auto_assign" time="0.122" /><testcase classname="backend.tests.test_iteration59_salesman_dispatch_inventory.TestInventoryABC" name="test_manual_abc_set" time="0.299" /><testcase classname="backend.tests.test_iteration59_salesman_dispatch_inventory.TestInventoryABC" name="test_category_sales" time="0.164" /><testcase classname="backend.tests.test_iteration59_salesman_dispatch_inventory.TestBeatPlans" name="test_admin_create_beat" time="0.136" /><testcase classname="backend.tests.test_iteration59_salesman_dispatch_inventory.TestBeatPlans" name="test_salesman_views_own_beats" time="0.149" /><testcase classname="backend.tests.test_iteration59_salesman_dispatch_inventory.TestSalesmanOrderPartNumber" name="test_post_order_stores_part_number" time="0.459" /></testsuite></testsuites>