<?xml version="1.0" encoding="utf-8"?><testsuites name="pytest tests"><testsuite name="pytest" errors="0" failures="6" skipped="0" tests="17" time="6.349" timestamp="2026-04-10T17:43:09.009484+00:00" hostname="agent-env-5924a6db-6746-445a-85a8-e042183d38b7"><testcase classname="backend.tests.test_iteration28_marketing_security.TestPublicEndpoints" name="test_get_subscription_plans" time="0.256" /><testcase classname="backend.tests.test_iteration28_marketing_security.TestPublicEndpoints" name="test_signup_creates_prospect" time="0.125" /><testcase classname="backend.tests.test_iteration28_marketing_security.TestPublicEndpoints" name="test_signup_duplicate_email_rejected" time="0.237" /><testcase classname="backend.tests.test_iteration28_marketing_security.TestPublicEndpoints" name="test_signup_validation" time="0.111" /><testcase classname="backend.tests.test_iteration28_marketing_security.TestPublicEndpoints" name="test_demo_request_returns_token" time="0.278" /><testcase classname="backend.tests.test_iteration28_marketing_security.TestPublicEndpoints" name="test_demo_data_returns_sample_data" time="0.126" /><testcase classname="backend.tests.test_iteration28_marketing_security.TestPublicEndpoints" name="test_submit_requirements" time="0.278"><failure message="AssertionError: assert False == True&#10; +  where False = &lt;built-in method get of dict object at 0xfd4bb9c8c840&gt;('success')&#10; +    where &lt;built-in method get of dict object at 0xfd4bb9c8c840&gt; = {'data': None, 'error': 'Enquiry not found', 'message': None, 'success': False}.get">backend/tests/test_iteration28_marketing_security.py:175: in test_submit_requirements
    assert data.get("success") == True
E   AssertionError: assert False == True
E    +  where False = &lt;built-in method get of dict object at 0xfd4bb9c8c840&gt;('success')
E    +    where &lt;built-in method get of dict object at 0xfd4bb9c8c840&gt; = {'data': None, 'error': 'Enquiry not found', 'message': None, 'success': False}.get</failure></testcase><testcase classname="backend.tests.test_iteration28_marketing_security.TestSuperAdminProspects" name="test_list_prospects" time="0.450" /><testcase classname="backend.tests.test_iteration28_marketing_security.TestSuperAdminProspects" name="test_update_prospect_status" time="0.621" /><testcase classname="backend.tests.test_iteration28_marketing_security.TestSuperAdminProspects" name="test_convert_prospect_to_admin" time="0.573"><failure message="AssertionError: assert False == True&#10; +  where False = &lt;built-in method get of dict object at 0xfd4bb98d9800&gt;('success')&#10; +    where &lt;built-in method get of dict object at 0xfd4bb98d9800&gt; = {'data': None, 'error': 'Prospect not found', 'message': None, 'success': False}.get">backend/tests/test_iteration28_marketing_security.py:260: in test_convert_prospect_to_admin
    assert data.get("success") == True
E   AssertionError: assert False == True
E    +  where False = &lt;built-in method get of dict object at 0xfd4bb98d9800&gt;('success')
E    +    where &lt;built-in method get of dict object at 0xfd4bb98d9800&gt; = {'data': None, 'error': 'Prospect not found', 'message': None, 'success': False}.get</failure></testcase><testcase classname="backend.tests.test_iteration28_marketing_security.TestSuperAdminProspects" name="test_converted_admin_can_login" time="0.721"><failure message="AssertionError: assert False == True&#10; +  where False = &lt;built-in method get of dict object at 0xfd4bb98ef700&gt;('success')&#10; +    where &lt;built-in method get of dict object at 0xfd4bb98ef700&gt; = {'data': None, 'error': 'Invalid username or password', 'message': None, 'success': False}.get">backend/tests/test_iteration28_marketing_security.py:292: in test_converted_admin_can_login
    assert data.get("success") == True
E   AssertionError: assert False == True
E    +  where False = &lt;built-in method get of dict object at 0xfd4bb98ef700&gt;('success')
E    +    where &lt;built-in method get of dict object at 0xfd4bb98ef700&gt; = {'data': None, 'error': 'Invalid username or password', 'message': None, 'success': False}.get</failure></testcase><testcase classname="backend.tests.test_iteration28_marketing_security.TestSecurityHeaders" name="test_security_headers_present" time="0.101" /><testcase classname="backend.tests.test_iteration28_marketing_security.TestRateLimiting" name="test_login_rate_limiting" time="1.596"><failure message="AssertionError: Rate limiting not triggered. Status codes: [200, 200, 200, 200, 200, 200, 200, 200, 200, 200, 200, 200]&#10;assert 429 in [200, 200, 200, 200, 200, 200, ...]">backend/tests/test_iteration28_marketing_security.py:351: in test_login_rate_limiting
    assert 429 in responses, f"Rate limiting not triggered. Status codes: {responses}"
E   AssertionError: Rate limiting not triggered. Status codes: [200, 200, 200, 200, 200, 200, 200, 200, 200, 200, 200, 200]
E   assert 429 in [200, 200, 200, 200, 200, 200, ...]</failure></testcase><testcase classname="backend.tests.test_iteration28_marketing_security.TestRateLimiting" name="test_signup_rate_limiting" time="0.119" /><testcase classname="backend.tests.test_iteration28_marketing_security.TestAuthFlows" name="test_admin_login" time="0.344" /><testcase classname="backend.tests.test_iteration28_marketing_security.TestAuthFlows" name="test_superadmin_login" time="0.130"><failure message="assert 429 == 200&#10; +  where 429 = &lt;Response [429]&gt;.status_code">backend/tests/test_iteration28_marketing_security.py:402: in test_superadmin_login
    assert response.status_code == 200
E   assert 429 == 200
E    +  where 429 = &lt;Response [429]&gt;.status_code</failure></testcase><testcase classname="backend.tests.test_iteration28_marketing_security.TestPIIEncryption" name="test_prospect_pii_encrypted" time="0.133"><failure message="assert 429 == 200&#10; +  where 429 = &lt;Response [429]&gt;.status_code">backend/tests/test_iteration28_marketing_security.py:427: in test_prospect_pii_encrypted
    assert signup_res.status_code == 200
E   assert 429 == 200
E    +  where 429 = &lt;Response [429]&gt;.status_code</failure></testcase></testsuite></testsuites>