<?xml version="1.0" encoding="utf-8"?><testsuites name="pytest tests"><testsuite name="pytest" errors="0" failures="0" skipped="0" tests="15" time="69.907" timestamp="2026-08-23T09:23:49.911831+00:00" hostname="agent-env-5924a6db-6746-445a-85a8-e042183d38b7"><testcase classname="tests.test_iteration120_superadmin_overhaul.TestCreateAdminTrial" name="test_trial_creates_with_rich_fields" time="10.702" /><testcase classname="tests.test_iteration120_superadmin_overhaul.TestCreateAdminTrial" name="test_trial_end_approx_14_days" time="0.000" /><testcase classname="tests.test_iteration120_superadmin_overhaul.TestCreateAdminTrial" name="test_trial_user_persisted_with_all_fields" time="3.530" /><testcase classname="tests.test_iteration120_superadmin_overhaul.TestPlanCaps" name="test_plan_caps[starter-2]" time="10.471" /><testcase classname="tests.test_iteration120_superadmin_overhaul.TestPlanCaps" name="test_plan_caps[professional-5]" time="10.477" /><testcase classname="tests.test_iteration120_superadmin_overhaul.TestPlanCaps" name="test_plan_caps[enterprise-10]" time="10.450" /><testcase classname="tests.test_iteration120_superadmin_overhaul.TestLoginTrial" name="test_login_future_trial" time="1.060" /><testcase classname="tests.test_iteration120_superadmin_overhaul.TestLoginTrial" name="test_auth_me_trial" time="1.511" /><testcase classname="tests.test_iteration120_superadmin_overhaul.TestLoginTrial" name="test_login_expired_trial" time="9.396" /><testcase classname="tests.test_iteration120_superadmin_overhaul.TestCustomerSearchIndustries" name="test_customer_search_busy" time="0.742" /><testcase classname="tests.test_iteration120_superadmin_overhaul.TestCustomerSearchIndustries" name="test_industries_31" time="0.277" /><testcase classname="tests.test_iteration120_superadmin_overhaul.TestInvoiceDiscount" name="test_generate_invoice_with_discount" time="1.209" /><testcase classname="tests.test_iteration120_superadmin_overhaul.TestInvoiceDiscount" name="test_discount_capped_at_20" time="1.210" /><testcase classname="tests.test_iteration120_superadmin_overhaul.TestInvoiceDiscount" name="test_invoice_pdf_metadata_and_content" time="1.963" /><testcase classname="tests.test_iteration120_superadmin_overhaul.TestInvoiceDiscount" name="test_invoice_pdf_placeholder_env" time="6.813" /></testsuite></testsuites>