<?xml version="1.0" encoding="utf-8"?><testsuites name="pytest tests"><testsuite name="pytest" errors="0" failures="0" skipped="0" tests="8" time="1.767" timestamp="2026-05-06T04:37:19.433095+00:00" hostname="agent-env-5924a6db-6746-445a-85a8-e042183d38b7"><testcase classname="backend.tests.test_iteration55_crm_outstanding.TestOutstandingNoFY" name="test_returns_success_no_crash" time="0.530" /><testcase classname="backend.tests.test_iteration55_crm_outstanding.TestOutstandingNoFY" name="test_only_sundry_debtors" time="0.262" /><testcase classname="backend.tests.test_iteration55_crm_outstanding.TestOutstandingNoFY" name="test_oldest_invoice_days_populates" time="0.135" /><testcase classname="backend.tests.test_iteration55_crm_outstanding.TestOutstandingWithFY" name="test_returns_success" time="0.124" /><testcase classname="backend.tests.test_iteration55_crm_outstanding.TestOutstandingWithFY" name="test_has_required_fields" time="0.138" /><testcase classname="backend.tests.test_iteration55_crm_outstanding.TestOutstandingWithFY" name="test_jv_per_line_math_krishna" time="0.137" /><testcase classname="backend.tests.test_iteration55_crm_outstanding.TestPaymentBehavior" name="test_returns_success" time="0.238" /><testcase classname="backend.tests.test_iteration55_crm_outstanding.TestTargets" name="test_returns_success" time="0.129" /></testsuite></testsuites>