<?xml version="1.0" encoding="utf-8"?><testsuites name="pytest tests"><testsuite name="pytest" errors="0" failures="0" skipped="0" tests="7" time="30.468" timestamp="2026-09-12T13:42:13.996295+00:00" hostname="agent-env-5924a6db-6746-445a-85a8-e042183d38b7"><testcase classname="backend.tests.test_iteration156_bugfixes.TestBug1CrmTargetsExport" name="test_export_with_list_monthly_sales" time="17.180" /><testcase classname="backend.tests.test_iteration156_bugfixes.TestBug1CrmTargetsExport" name="test_export_with_dict_monthly_sales_backward_compat" time="0.590" /><testcase classname="backend.tests.test_iteration156_bugfixes.TestBug4SyncedFYs" name="test_synced_fys_endpoint" time="1.262" /><testcase classname="backend.tests.test_iteration156_bugfixes.TestBug5MovementAnalysis" name="test_movement_analysis_has_positive_inward" time="6.711" /><testcase classname="backend.tests.test_iteration156_bugfixes.TestBug2InventoryPDF" name="test_inventory_pdf_export_valid" time="1.517" /><testcase classname="backend.tests.test_iteration156_bugfixes.TestBug2InventoryPDF" name="test_inventory_pdf_contains_closing_stock_and_item_name" time="1.590" /><testcase classname="backend.tests.test_iteration156_bugfixes.TestRegressionSyncCompanies" name="test_companies_status" time="1.506" /></testsuite></testsuites>