<?xml version="1.0" encoding="utf-8"?><testsuites name="pytest tests"><testsuite name="pytest" errors="0" failures="0" skipped="0" tests="31" time="28.819" timestamp="2026-05-23T18:42:16.616057+00:00" hostname="agent-env-5924a6db-6746-445a-85a8-e042183d38b7"><testcase classname="tests.test_iteration110_integration.TestEmployeeToggle" name="test_admin_self_toggle_blocked" time="1.683" /><testcase classname="tests.test_iteration110_integration.TestEmployeeToggle" name="test_non_admin_blocked" time="2.283" /><testcase classname="tests.test_iteration110_integration.TestEmployeeToggle" name="test_toggle_creates_then_blocks_login" time="9.440" /><testcase classname="tests.test_iteration110_integration.TestSalesmanCopy" name="test_copy_validation_same_source_target" time="0.786" /><testcase classname="tests.test_iteration110_integration.TestSalesmanCopy" name="test_copy_validation_no_action_selected" time="0.771" /><testcase classname="tests.test_iteration110_integration.TestSalesmanCopy" name="test_copy_validation_source_not_found" time="1.015" /><testcase classname="tests.test_iteration110_integration.TestSalesmanCopy" name="test_copy_blocked_for_non_admin" time="0.549" /><testcase classname="tests.test_iteration110_integration.TestBeatRun" name="test_my_customers_endpoint" time="1.475" /><testcase classname="tests.test_iteration110_integration.TestBeatRun" name="test_check_in_missing_order_collected_rejected" time="1.035" /><testcase classname="tests.test_iteration110_integration.TestBeatRun" name="test_check_in_missing_payment_collected_rejected" time="1.021" /><testcase classname="tests.test_iteration110_integration.TestBeatRun" name="test_check_in_unvisit_does_not_require_flags" time="1.706" /><testcase classname="tests.test_iteration110_integration.TestBeatRun" name="test_add_unplanned_requires_order_payment" time="1.012" /><testcase classname="tests.test_iteration110_integration.TestBeatRun" name="test_reopen_day_blocked_for_salesman" time="1.010" /><testcase classname="tests.test_iteration110_integration.TestExports" name="test_day_report_pdf_export" time="1.757" /><testcase classname="tests.test_iteration110_integration.TestExports" name="test_day_report_excel_export" time="1.722" /><testcase classname="tests.test_iteration110_integration.TestExports" name="test_monthly_report_excel_has_new_columns" time="1.020" /><testcase classname="tests.test_iteration110_employee_salesman_beatrun" name="test_toggle_user_active_route_exists" time="0.413" /><testcase classname="tests.test_iteration110_employee_salesman_beatrun" name="test_login_blocks_deactivated_employee" time="0.000" /><testcase classname="tests.test_iteration110_employee_salesman_beatrun" name="test_login_friendly_expiry_message_for_employees" time="0.000" /><testcase classname="tests.test_iteration110_employee_salesman_beatrun" name="test_create_user_sets_active_true" time="0.000" /><testcase classname="tests.test_iteration110_employee_salesman_beatrun" name="test_salesman_copy_route_exists" time="0.005" /><testcase classname="tests.test_iteration110_employee_salesman_beatrun" name="test_salesman_copy_validates_inputs" time="0.000" /><testcase classname="tests.test_iteration110_employee_salesman_beatrun" name="test_salesman_copy_handles_release_source" time="0.000" /><testcase classname="tests.test_iteration110_employee_salesman_beatrun" name="test_check_in_requires_order_payment" time="0.009" /><testcase classname="tests.test_iteration110_employee_salesman_beatrun" name="test_check_in_blocked_when_day_closed" time="0.000" /><testcase classname="tests.test_iteration110_employee_salesman_beatrun" name="test_add_unplanned_requires_order_payment" time="0.000" /><testcase classname="tests.test_iteration110_employee_salesman_beatrun" name="test_close_day_and_reopen_routes_exist" time="0.000" /><testcase classname="tests.test_iteration110_employee_salesman_beatrun" name="test_day_report_route_exists" time="0.000" /><testcase classname="tests.test_iteration110_employee_salesman_beatrun" name="test_monthly_report_has_order_payment_columns" time="0.000" /><testcase classname="tests.test_iteration110_employee_salesman_beatrun" name="test_summarize_runs_new_metrics" time="0.000" /><testcase classname="tests.test_iteration110_employee_salesman_beatrun" name="test_my_customers_route_used_for_existing_dropdown" time="0.000" /></testsuite></testsuites>