<?xml version="1.0" encoding="utf-8"?><testsuites name="pytest tests"><testsuite name="pytest" errors="0" failures="0" skipped="0" tests="15" time="7.860" timestamp="2026-04-23T07:00:11.026334+00:00" hostname="agent-env-5924a6db-6746-445a-85a8-e042183d38b7"><testcase classname="backend.tests.test_iteration53_salesman_orders.TestSalesmanOrderSystem" name="test_catalog_returns_products" time="0.493" /><testcase classname="backend.tests.test_iteration53_salesman_orders.TestSalesmanOrderSystem" name="test_catalog_search" time="0.475" /><testcase classname="backend.tests.test_iteration53_salesman_orders.TestSalesmanOrderSystem" name="test_create_order" time="0.497" /><testcase classname="backend.tests.test_iteration53_salesman_orders.TestSalesmanOrderSystem" name="test_create_order_validation" time="0.506" /><testcase classname="backend.tests.test_iteration53_salesman_orders.TestSalesmanOrderSystem" name="test_get_orders" time="0.430" /><testcase classname="backend.tests.test_iteration53_salesman_orders.TestSalesmanOrderSystem" name="test_get_orders_with_filters" time="0.473" /><testcase classname="backend.tests.test_iteration53_salesman_orders.TestSalesmanOrderSystem" name="test_get_single_order" time="0.427" /><testcase classname="backend.tests.test_iteration53_salesman_orders.TestSalesmanOrderSystem" name="test_edit_pending_order" time="0.579" /><testcase classname="backend.tests.test_iteration53_salesman_orders.TestSalesmanOrderSystem" name="test_edit_blocked_after_approval" time="0.445" /><testcase classname="backend.tests.test_iteration53_salesman_orders.TestSalesmanOrderSystem" name="test_status_transitions" time="0.595" /><testcase classname="backend.tests.test_iteration53_salesman_orders.TestSalesmanOrderSystem" name="test_billed_requires_invoice_number" time="0.808" /><testcase classname="backend.tests.test_iteration53_salesman_orders.TestSalesmanOrderSystem" name="test_hold_and_reject_transitions" time="0.627" /><testcase classname="backend.tests.test_iteration53_salesman_orders.TestSalesmanOrderSystem" name="test_order_stats" time="0.477" /><testcase classname="backend.tests.test_iteration53_salesman_orders.TestSalesmanOrderSystem" name="test_my_customers" time="0.426" /><testcase classname="backend.tests.test_iteration53_salesman_orders.TestSalesmanOrderSystem" name="test_save_and_get_beats" time="0.495" /></testsuite></testsuites>