<?xml version="1.0" encoding="utf-8"?><testsuites name="pytest tests"><testsuite name="pytest" errors="0" failures="2" skipped="0" tests="14" time="7.187" timestamp="2026-04-10T02:24:40.514051+00:00" hostname="agent-env-5924a6db-6746-445a-85a8-e042183d38b7"><testcase classname="backend.tests.test_iteration17_email_validation.TestExistingAccountsStillWork" name="test_superadmin_login" time="0.416" /><testcase classname="backend.tests.test_iteration17_email_validation.TestExistingAccountsStillWork" name="test_admin_login" time="0.336" /><testcase classname="backend.tests.test_iteration17_email_validation.TestExistingAccountsStillWork" name="test_test_admin_login" time="0.334" /><testcase classname="backend.tests.test_iteration17_email_validation.TestEmailValidationForNewAdmins" name="test_reject_non_email_username_plain_text" time="0.483" /><testcase classname="backend.tests.test_iteration17_email_validation.TestEmailValidationForNewAdmins" name="test_reject_non_email_username_missing_domain" time="0.485" /><testcase classname="backend.tests.test_iteration17_email_validation.TestEmailValidationForNewAdmins" name="test_reject_non_email_username_missing_at" time="0.450" /><testcase classname="backend.tests.test_iteration17_email_validation.TestEmailValidationForNewAdmins" name="test_accept_valid_email_username" time="0.830" /><testcase classname="backend.tests.test_iteration17_email_validation.TestEmailValidationForNewAdmins" name="test_new_admin_can_login" time="1.180" /><testcase classname="backend.tests.test_iteration17_email_validation.TestSuperAdminDashboardAccess" name="test_super_admin_stats" time="0.445" /><testcase classname="backend.tests.test_iteration17_email_validation.TestSuperAdminDashboardAccess" name="test_super_admin_list_admins" time="0.495" /><testcase classname="backend.tests.test_iteration17_email_validation.TestFeatureGatingStillWorks" name="test_test_admin_limited_features" time="0.329" /><testcase classname="backend.tests.test_iteration17_email_validation.TestFeatureGatingStillWorks" name="test_admin_full_features" time="0.335" /><testcase classname="backend.tests.test_iteration17_email_validation.TestDataIsolationStillWorks" name="test_test_admin_sees_zero_items" time="0.498"><failure message="assert 404 == 200&#10; +  where 404 = &lt;Response [404]&gt;.status_code">backend/tests/test_iteration17_email_validation.py:257: in test_test_admin_sees_zero_items
    assert response.status_code == 200
E   assert 404 == 200
E    +  where 404 = &lt;Response [404]&gt;.status_code</failure></testcase><testcase classname="backend.tests.test_iteration17_email_validation.TestDataIsolationStillWorks" name="test_admin_sees_items" time="0.454"><failure message="assert 404 == 200&#10; +  where 404 = &lt;Response [404]&gt;.status_code">backend/tests/test_iteration17_email_validation.py:267: in test_admin_sees_items
    assert response.status_code == 200
E   assert 404 == 200
E    +  where 404 = &lt;Response [404]&gt;.status_code</failure></testcase></testsuite></testsuites>