<?xml version="1.0" encoding="utf-8"?><testsuites name="pytest tests"><testsuite name="pytest" errors="0" failures="0" skipped="0" tests="11" time="1.639" timestamp="2026-04-08T10:41:15.938805+00:00" hostname="agent-env-5924a6db-6746-445a-85a8-e042183d38b7"><testcase classname="backend.tests.test_overdue_digest.TestOverdueDigestEndpoint" name="test_overdue_digest_returns_success" time="0.172" /><testcase classname="backend.tests.test_overdue_digest.TestOverdueDigestEndpoint" name="test_overdue_digest_has_required_fields" time="0.154" /><testcase classname="backend.tests.test_overdue_digest.TestOverdueDigestEndpoint" name="test_overdue_threshold_is_55_days" time="0.125" /><testcase classname="backend.tests.test_overdue_digest.TestOverdueDigestEndpoint" name="test_recompute_parameter_forces_fresh_computation" time="0.100" /><testcase classname="backend.tests.test_overdue_digest.TestOverdueDigestEndpoint" name="test_overdue_invoice_has_correct_fields" time="0.100" /><testcase classname="backend.tests.test_overdue_digest.TestOverdueDigestEndpoint" name="test_customer_summary_has_correct_fields" time="0.102" /><testcase classname="backend.tests.test_overdue_digest.TestOverdueDigestEndpoint" name="test_overdue_invoice_days_exceeds_threshold" time="0.097" /><testcase classname="backend.tests.test_overdue_digest.TestOverdueDigestEndpoint" name="test_total_overdue_amount_matches_sum" time="0.144" /><testcase classname="backend.tests.test_overdue_digest.TestSyncTriggersOverdueRecomputation" name="test_sync_sales_triggers_overdue_recompute" time="0.344" /><testcase classname="backend.tests.test_overdue_digest.TestOverdueDigestWithTestData" name="test_test_voucher_appears_as_overdue" time="0.102" /><testcase classname="backend.tests.test_overdue_digest.TestOverdueDigestWithTestData" name="test_overdue_amount_calculation" time="0.111" /></testsuite></testsuites>