<?xml version="1.0" encoding="utf-8"?><testsuites name="pytest tests"><testsuite name="pytest" errors="0" failures="1" skipped="1" tests="24" time="125.091" timestamp="2026-05-12T02:47:48.796287+00:00" hostname="agent-env-5924a6db-6746-445a-85a8-e042183d38b7"><testcase classname="tests.test_iteration98_security_audit.TestAgentRelease" name="test_latest_version" time="29.170" /><testcase classname="tests.test_iteration98_security_audit.TestAgentRelease" name="test_check_update_older" time="0.126" /><testcase classname="tests.test_iteration98_security_audit.TestAgentRelease" name="test_check_update_newer" time="0.103" /><testcase classname="tests.test_iteration98_security_audit.TestAgentSyncAuth" name="test_sync_rejects_missing_sync_token" time="0.102" /><testcase classname="tests.test_iteration98_security_audit.TestAgentSyncAuth" name="test_sync_rejects_missing_tenant" time="0.102" /><testcase classname="tests.test_iteration98_security_audit.TestAgentSyncAuth" name="test_sync_rejects_wrong_token" time="0.090" /><testcase classname="tests.test_iteration98_security_audit.TestAgentSyncAuth" name="test_sync_accepts_valid_token" time="1.094" /><testcase classname="tests.test_iteration98_security_audit.TestAgentSyncAuth" name="test_reconcile_rejects_missing_sync_token" time="0.129" /><testcase classname="tests.test_iteration98_security_audit.TestAgentSyncAuth" name="test_commands_get_rejects_missing_token" time="0.097" /><testcase classname="tests.test_iteration98_security_audit.TestAgentSyncAuth" name="test_commands_get_accepts_valid_token" time="0.344" /><testcase classname="tests.test_iteration98_security_audit.TestAgentSyncAuth" name="test_commands_ack_soft_mode_no_token" time="0.359" /><testcase classname="tests.test_iteration98_security_audit.TestAgentSyncAuth" name="test_sync_progress_soft_mode_no_token" time="0.585" /><testcase classname="tests.test_iteration98_security_audit.TestTenantIsolation" name="test_admin_data_no_cross_tenant_leak" time="6.856" /><testcase classname="tests.test_iteration98_security_audit.TestTenantIsolation" name="test_cross_tenant_header_forgery" time="2.146" /><testcase classname="tests.test_iteration98_security_audit.TestTenantIsolation" name="test_salesman_only_sees_mapped_customers" time="3.772"><failure message="Failed: SALESMAN sees 83 customers via /customers/outstanding (admin endpoint) — RBAC bypass!">tests/test_iteration98_security_audit.py:229: in test_salesman_only_sees_mapped_customers
    pytest.fail(f"SALESMAN sees {len(items3)} customers via /customers/outstanding (admin endpoint) — RBAC bypass!")
E   Failed: SALESMAN sees 83 customers via /customers/outstanding (admin endpoint) — RBAC bypass!</failure></testcase><testcase classname="tests.test_iteration98_security_audit.TestAuthRBAC" name="test_super_admin_can_access_super_admin" time="0.942" /><testcase classname="tests.test_iteration98_security_audit.TestAuthRBAC" name="test_admin_cannot_access_super_admin" time="0.073" /><testcase classname="tests.test_iteration98_security_audit.TestAuthRBAC" name="test_salesman_cannot_create_user" time="0.955" /><testcase classname="tests.test_iteration98_security_audit.TestAuthRBAC" name="test_login_rate_limit" time="9.789" /><testcase classname="tests.test_iteration98_security_audit.TestAuthRBAC" name="test_nosql_injection_guard" time="65.209" /><testcase classname="tests.test_iteration98_security_audit.TestSecurityHeaders" name="test_security_headers_on_public" time="0.113" /><testcase classname="tests.test_iteration98_security_audit.TestPublicEndpoints" name="test_plans_no_leak" time="0.117" /><testcase classname="tests.test_iteration98_security_audit.TestPublicEndpoints" name="test_latest_version_no_leak" time="0.113" /><testcase classname="tests.test_iteration98_security_audit.TestEncryptionAtRest" name="test_prospects_pii_encrypted" time="2.371"><skipped type="pytest.skip" message="no prospects to inspect">/app/backend/tests/test_iteration98_security_audit.py:344: no prospects to inspect</skipped></testcase></testsuite></testsuites>