<?xml version="1.0" encoding="utf-8"?><testsuites name="pytest tests"><testsuite name="pytest" errors="0" failures="0" skipped="0" tests="18" time="2.536" timestamp="2026-04-10T14:52:36.446531+00:00" hostname="agent-env-5924a6db-6746-445a-85a8-e042183d38b7"><testcase classname="backend.tests.test_iteration24_fy_isolation.TestItemWiseSalesTab" name="test_performance_detailed_returns_items_sold" time="0.641" /><testcase classname="backend.tests.test_iteration24_fy_isolation.TestItemWiseSalesTab" name="test_ankit_has_approximately_32_items" time="0.066" /><testcase classname="backend.tests.test_iteration24_fy_isolation.TestItemWiseSalesTab" name="test_items_sold_has_required_fields" time="0.065" /><testcase classname="backend.tests.test_iteration24_fy_isolation.TestFYMappingIsolation" name="test_fy_2025_26_is_locked" time="0.072" /><testcase classname="backend.tests.test_iteration24_fy_isolation.TestFYMappingIsolation" name="test_fy_2026_27_is_not_locked" time="0.060" /><testcase classname="backend.tests.test_iteration24_fy_isolation.TestFYMappingIsolation" name="test_post_to_locked_fy_fails" time="0.064" /><testcase classname="backend.tests.test_iteration24_fy_isolation.TestFYMappingIsolation" name="test_get_ankit_fy_2025_26_has_customers" time="0.064" /><testcase classname="backend.tests.test_iteration24_fy_isolation.TestFYMappingIsolation" name="test_fy_isolation_save_empty_customers_2026_27_preserves_2025_26" time="0.234" /><testcase classname="backend.tests.test_iteration24_fy_isolation.TestSecurityTenantIsolation" name="test_insights_customer_lifecycle_tenant_isolation" time="0.551" /><testcase classname="backend.tests.test_iteration24_fy_isolation.TestSecurityTenantIsolation" name="test_insights_concentration_risk_tenant_isolation" time="0.050" /><testcase classname="backend.tests.test_iteration24_fy_isolation.TestSecurityTenantIsolation" name="test_salesman_performance_detailed_tenant_isolation" time="0.048" /><testcase classname="backend.tests.test_iteration24_fy_isolation.TestSecurityTenantIsolation" name="test_salesman_master_tenant_isolation" time="0.047" /><testcase classname="backend.tests.test_iteration24_fy_isolation.TestSecurityTenantIsolation" name="test_admin_has_data_in_insights" time="0.125" /><testcase classname="backend.tests.test_iteration24_fy_isolation.TestSecurityTenantIsolation" name="test_admin_has_data_in_salesman" time="0.063" /><testcase classname="backend.tests.test_iteration24_fy_isolation.TestDurationToggle" name="test_monthly_duration" time="0.062" /><testcase classname="backend.tests.test_iteration24_fy_isolation.TestDurationToggle" name="test_quarterly_duration" time="0.063" /><testcase classname="backend.tests.test_iteration24_fy_isolation.TestDurationToggle" name="test_annual_duration" time="0.063" /><testcase classname="backend.tests.test_iteration24_fy_isolation.TestExcelExport" name="test_export_excel_returns_valid_file" time="0.088" /></testsuite></testsuites>