<?xml version="1.0" encoding="utf-8"?><testsuites name="pytest tests"><testsuite name="pytest" errors="0" failures="0" skipped="0" tests="19" time="34.929" timestamp="2026-05-11T15:57:23.548716+00:00" hostname="agent-env-5924a6db-6746-445a-85a8-e042183d38b7"><testcase classname="tests.test_iteration97_atlas_cutover.TestAtlasConnectivity" name="test_admin_login_works_against_atlas" time="16.187" /><testcase classname="tests.test_iteration97_atlas_cutover.TestAtlasConnectivity" name="test_admin_plan_and_subscription" time="0.000" /><testcase classname="tests.test_iteration97_atlas_cutover.TestDemoLogin" name="test_demo_login_basics" time="1.054" /><testcase classname="tests.test_iteration97_atlas_cutover.TestDemoLogin" name="test_demo_plan_enterprise_days" time="0.000" /><testcase classname="tests.test_iteration97_atlas_cutover.TestDemoCompanyData" name="test_sales_summary_sharma" time="1.143" /><testcase classname="tests.test_iteration97_atlas_cutover.TestDemoCompanyData" name="test_overdue_digest" time="0.577" /><testcase classname="tests.test_iteration97_atlas_cutover.TestDemoCompanyData" name="test_customers_list" time="1.497" /><testcase classname="tests.test_iteration97_atlas_cutover.TestDemoCompanyData" name="test_inventory" time="1.046" /><testcase classname="tests.test_iteration97_atlas_cutover.TestDemoCompanyData" name="test_salesman_master" time="1.114" /><testcase classname="tests.test_iteration97_atlas_cutover.TestDemoCompanyData" name="test_sync_history" time="0.610" /><testcase classname="tests.test_iteration97_atlas_cutover.TestDemoCompanyData" name="test_dispatch_cards" time="0.811" /><testcase classname="tests.test_iteration97_atlas_cutover.TestDemoCompanyData" name="test_ca_profit_loss" time="3.156" /><testcase classname="tests.test_iteration97_atlas_cutover.TestDemoCompanyData" name="test_ca_balance_sheet" time="4.053" /><testcase classname="tests.test_iteration97_atlas_cutover.TestMultiCompanyIsolation" name="test_second_company_different_sales" time="1.178" /><testcase classname="tests.test_iteration97_atlas_cutover.TestAuthEndpoints" name="test_logout_invalidates" time="1.096" /><testcase classname="tests.test_iteration97_atlas_cutover.TestAuthEndpoints" name="test_request_renewal" time="0.574" /><testcase classname="tests.test_iteration97_atlas_cutover.TestStaticAssets" name="test_exe_download" time="0.473" /><testcase classname="tests.test_iteration97_atlas_cutover.TestStaticAssets" name="test_frontend_title" time="0.112" /><testcase classname="tests.test_iteration97_atlas_cutover.TestStaticAssets" name="test_complete_docs_pdf" time="0.117" /></testsuite></testsuites>