<?xml version="1.0" encoding="utf-8"?><testsuites name="pytest tests"><testsuite name="pytest" errors="0" failures="0" skipped="0" tests="18" time="2.492" timestamp="2026-04-08T10:06:39.310106+00:00" hostname="agent-env-5924a6db-6746-445a-85a8-e042183d38b7"><testcase classname="backend.tests.test_iteration11_bugfixes.TestAuthEndpoints" name="test_login_success" time="0.344" /><testcase classname="backend.tests.test_iteration11_bugfixes.TestAuthEndpoints" name="test_login_invalid_credentials" time="0.102" /><testcase classname="backend.tests.test_iteration11_bugfixes.TestInventoryEndpoints" name="test_inventory_summary_with_fy" time="0.097" /><testcase classname="backend.tests.test_iteration11_bugfixes.TestInventoryEndpoints" name="test_inventory_summary_without_fy" time="0.114" /><testcase classname="backend.tests.test_iteration11_bugfixes.TestInventoryEndpoints" name="test_inventory_movement_analysis_with_fy" time="0.099" /><testcase classname="backend.tests.test_iteration11_bugfixes.TestInventoryEndpoints" name="test_inventory_below_cost_sales_with_fy" time="0.106" /><testcase classname="backend.tests.test_iteration11_bugfixes.TestSalesEndpoints" name="test_sales_summary_with_fy" time="0.111" /><testcase classname="backend.tests.test_iteration11_bugfixes.TestSalesEndpoints" name="test_sales_vouchers_with_fy" time="0.098" /><testcase classname="backend.tests.test_iteration11_bugfixes.TestSalesEndpoints" name="test_sales_vouchers_with_fy_2025_26" time="0.105" /><testcase classname="backend.tests.test_iteration11_bugfixes.TestSalesEndpoints" name="test_sales_vouchers_with_party_filter" time="0.219" /><testcase classname="backend.tests.test_iteration11_bugfixes.TestSalesEndpoints" name="test_sales_vouchers_with_month_filter" time="0.196" /><testcase classname="backend.tests.test_iteration11_bugfixes.TestCustomerEndpoints" name="test_customers_outstanding_with_fy" time="0.098" /><testcase classname="backend.tests.test_iteration11_bugfixes.TestCustomerEndpoints" name="test_customers_payment_behavior_with_fy" time="0.102" /><testcase classname="backend.tests.test_iteration11_bugfixes.TestCustomerEndpoints" name="test_customers_targets_with_fy" time="0.096" /><testcase classname="backend.tests.test_iteration11_bugfixes.TestSalesmanEndpoints" name="test_salesman_performance_with_fy" time="0.107" /><testcase classname="backend.tests.test_iteration11_bugfixes.TestSalesmanEndpoints" name="test_salesman_performance_detailed_with_fy" time="0.096" /><testcase classname="backend.tests.test_iteration11_bugfixes.TestVoucherDetailEndpoint" name="test_voucher_detail_structure" time="0.198" /><testcase classname="backend.tests.test_iteration11_bugfixes.TestHealthEndpoint" name="test_health_check" time="0.090" /></testsuite></testsuites>