<?xml version="1.0" encoding="utf-8"?><testsuites name="pytest tests"><testsuite name="pytest" errors="0" failures="0" skipped="0" tests="18" time="7.674" timestamp="2026-04-10T14:33:47.050730+00:00" hostname="agent-env-5924a6db-6746-445a-85a8-e042183d38b7"><testcase classname="backend.tests.test_iteration23_salesman.TestSalesmanFYFeatures" name="test_get_salesman_master_fy_2025_26_locked" time="0.567" /><testcase classname="backend.tests.test_iteration23_salesman.TestSalesmanFYFeatures" name="test_get_salesman_master_returns_salesmen_list" time="0.467" /><testcase classname="backend.tests.test_iteration23_salesman.TestSalesmanFYFeatures" name="test_post_salesman_locked_fy_fails" time="0.459" /><testcase classname="backend.tests.test_iteration23_salesman.TestSalesmanFYFeatures" name="test_post_salesman_current_fy_succeeds" time="0.455" /><testcase classname="backend.tests.test_iteration23_salesman.TestSalesmanFYFeatures" name="test_delete_test_salesman" time="0.458" /><testcase classname="backend.tests.test_iteration23_salesman.TestSalesmanFYFeatures" name="test_performance_detailed_monthly" time="0.452" /><testcase classname="backend.tests.test_iteration23_salesman.TestSalesmanFYFeatures" name="test_performance_detailed_quarterly" time="0.483" /><testcase classname="backend.tests.test_iteration23_salesman.TestSalesmanFYFeatures" name="test_performance_detailed_annual" time="0.459" /><testcase classname="backend.tests.test_iteration23_salesman.TestSalesmanFYFeatures" name="test_performance_detailed_weighted_average" time="0.509" /><testcase classname="backend.tests.test_iteration23_salesman.TestSalesmanFYFeatures" name="test_export_excel_monthly" time="0.460" /><testcase classname="backend.tests.test_iteration23_salesman.TestSalesmanFYFeatures" name="test_export_excel_quarterly" time="0.482" /><testcase classname="backend.tests.test_iteration23_salesman.TestSalesmanFYFeatures" name="test_export_excel_annual" time="0.453" /><testcase classname="backend.tests.test_iteration23_salesman.TestSearchableSelectIntegration" name="test_customers_outstanding_returns_sorted_list" time="0.504" /><testcase classname="backend.tests.test_iteration23_salesman.TestSearchableSelectIntegration" name="test_sales_vouchers_returns_unique_parties" time="0.567" /><testcase classname="backend.tests.test_iteration23_salesman.TestInventorySorting" name="test_inventory_items_returns_stock_groups" time="0.465" /><testcase classname="backend.tests.test_iteration23_salesman.TestUtilsFunctions" name="test_get_current_fy" time="0.114" /><testcase classname="backend.tests.test_iteration23_salesman.TestUtilsFunctions" name="test_is_fy_completed_2025_26" time="0.106" /><testcase classname="backend.tests.test_iteration23_salesman.TestUtilsFunctions" name="test_is_fy_completed_2026_27" time="0.112" /></testsuite></testsuites>