<?xml version="1.0" encoding="utf-8"?><testsuites name="pytest tests"><testsuite name="pytest" errors="0" failures="2" skipped="0" tests="13" time="6.798" timestamp="2026-04-10T02:42:14.310877+00:00" hostname="agent-env-5924a6db-6746-445a-85a8-e042183d38b7"><testcase classname="backend.tests.test_iteration18_new_features.TestAuthentication" name="test_superadmin_login" time="0.525"><failure message="KeyError: 'user'">backend/tests/test_iteration18_new_features.py:26: in test_superadmin_login
    assert data["data"]["user"]["role"] == "super_admin"
           ^^^^^^^^^^^^^^^^^^^^
E   KeyError: 'user'</failure></testcase><testcase classname="backend.tests.test_iteration18_new_features.TestAuthentication" name="test_admin_login" time="0.397"><failure message="KeyError: 'user'">backend/tests/test_iteration18_new_features.py:39: in test_admin_login
    assert data["data"]["user"]["role"] == "admin"
           ^^^^^^^^^^^^^^^^^^^^
E   KeyError: 'user'</failure></testcase><testcase classname="backend.tests.test_iteration18_new_features.TestAuthentication" name="test_test_admin_login" time="0.432" /><testcase classname="backend.tests.test_iteration18_new_features.TestSubscriptionEndpoint" name="test_update_subscription_name" time="0.585" /><testcase classname="backend.tests.test_iteration18_new_features.TestSubscriptionEndpoint" name="test_update_subscription_months" time="0.587" /><testcase classname="backend.tests.test_iteration18_new_features.TestSubscriptionEndpoint" name="test_update_subscription_nonexistent_admin" time="0.477" /><testcase classname="backend.tests.test_iteration18_new_features.TestSubscriptionEndpoint" name="test_update_subscription_without_auth" time="0.143" /><testcase classname="backend.tests.test_iteration18_new_features.TestConnectionStatusEndpoint" name="test_connection_status_returns_data" time="0.441" /><testcase classname="backend.tests.test_iteration18_new_features.TestConnectionStatusEndpoint" name="test_connection_status_with_company_header" time="0.465" /><testcase classname="backend.tests.test_iteration18_new_features.TestSuperAdminStats" name="test_stats_endpoint" time="0.444" /><testcase classname="backend.tests.test_iteration18_new_features.TestSuperAdminStats" name="test_admins_list_endpoint" time="0.434" /><testcase classname="backend.tests.test_iteration18_new_features.TestToggleActiveRefresh" name="test_toggle_active_endpoint" time="0.797" /><testcase classname="backend.tests.test_iteration18_new_features.TestCreateAdminDefaults" name="test_create_admin_with_subscription" time="0.961" /></testsuite></testsuites>