<?xml version="1.0" encoding="utf-8"?><testsuites name="pytest tests"><testsuite name="pytest" errors="0" failures="0" skipped="0" tests="15" time="3.669" timestamp="2026-04-11T13:57:25.911943+00:00" hostname="agent-env-5924a6db-6746-445a-85a8-e042183d38b7"><testcase classname="backend.tests.test_iteration36_branch_exclusion.TestBranchLedgersAPI" name="test_get_branch_ledgers" time="0.534" /><testcase classname="backend.tests.test_iteration36_branch_exclusion.TestBranchLedgersAPI" name="test_detect_branch_ledgers" time="0.118" /><testcase classname="backend.tests.test_iteration36_branch_exclusion.TestSalesAPIBranchExclusion" name="test_sales_summary_without_exclusion" time="0.120" /><testcase classname="backend.tests.test_iteration36_branch_exclusion.TestSalesAPIBranchExclusion" name="test_sales_summary_with_exclusion" time="0.129" /><testcase classname="backend.tests.test_iteration36_branch_exclusion.TestSalesAPIBranchExclusion" name="test_sales_summary_exclusion_reduces_total" time="0.241" /><testcase classname="backend.tests.test_iteration36_branch_exclusion.TestSalesAPIBranchExclusion" name="test_sales_vouchers_with_exclusion" time="0.334" /><testcase classname="backend.tests.test_iteration36_branch_exclusion.TestSalesAPIBranchExclusion" name="test_sales_customer_names_with_exclusion" time="0.369" /><testcase classname="backend.tests.test_iteration36_branch_exclusion.TestInventoryAPIBranchExclusion" name="test_inventory_summary_without_exclusion" time="0.139" /><testcase classname="backend.tests.test_iteration36_branch_exclusion.TestInventoryAPIBranchExclusion" name="test_inventory_summary_with_exclusion" time="0.133" /><testcase classname="backend.tests.test_iteration36_branch_exclusion.TestCustomersAPIBranchExclusion" name="test_customers_outstanding_without_exclusion" time="0.132" /><testcase classname="backend.tests.test_iteration36_branch_exclusion.TestCustomersAPIBranchExclusion" name="test_customers_outstanding_with_exclusion" time="0.131" /><testcase classname="backend.tests.test_iteration36_branch_exclusion.TestCustomersAPIBranchExclusion" name="test_customers_exclusion_reduces_outstanding" time="0.268" /><testcase classname="backend.tests.test_iteration36_branch_exclusion.TestAuthStillWorks" name="test_admin_login" time="0.339" /><testcase classname="backend.tests.test_iteration36_branch_exclusion.TestAuthStillWorks" name="test_superadmin_login" time="0.331" /><testcase classname="backend.tests.test_iteration36_branch_exclusion.TestTopCustomersExclusion" name="test_top_customers_without_branch" time="0.244" /></testsuite></testsuites>