<?xml version="1.0" encoding="utf-8"?><testsuites name="pytest tests"><testsuite name="pytest" errors="0" failures="1" skipped="0" tests="16" time="44.857" timestamp="2026-05-23T18:40:56.749526+00:00" hostname="agent-env-5924a6db-6746-445a-85a8-e042183d38b7"><testcase classname="tests.test_iteration110_integration.TestEmployeeToggle" name="test_admin_self_toggle_blocked" time="17.441" /><testcase classname="tests.test_iteration110_integration.TestEmployeeToggle" name="test_non_admin_blocked" time="2.336" /><testcase classname="tests.test_iteration110_integration.TestEmployeeToggle" name="test_toggle_creates_then_blocks_login" time="9.520" /><testcase classname="tests.test_iteration110_integration.TestSalesmanCopy" name="test_copy_validation_same_source_target" time="0.801" /><testcase classname="tests.test_iteration110_integration.TestSalesmanCopy" name="test_copy_validation_no_action_selected" time="0.795" /><testcase classname="tests.test_iteration110_integration.TestSalesmanCopy" name="test_copy_validation_source_not_found" time="1.016" /><testcase classname="tests.test_iteration110_integration.TestSalesmanCopy" name="test_copy_blocked_for_non_admin" time="0.561" /><testcase classname="tests.test_iteration110_integration.TestBeatRun" name="test_my_customers_endpoint" time="1.486" /><testcase classname="tests.test_iteration110_integration.TestBeatRun" name="test_check_in_missing_order_collected_rejected" time="1.024" /><testcase classname="tests.test_iteration110_integration.TestBeatRun" name="test_check_in_missing_payment_collected_rejected" time="1.048" /><testcase classname="tests.test_iteration110_integration.TestBeatRun" name="test_check_in_unvisit_does_not_require_flags" time="1.725" /><testcase classname="tests.test_iteration110_integration.TestBeatRun" name="test_add_unplanned_requires_order_payment" time="1.013" /><testcase classname="tests.test_iteration110_integration.TestBeatRun" name="test_reopen_day_blocked_for_salesman" time="1.484" /><testcase classname="tests.test_iteration110_integration.TestExports" name="test_day_report_pdf_export" time="1.749" /><testcase classname="tests.test_iteration110_integration.TestExports" name="test_day_report_excel_export" time="1.731" /><testcase classname="tests.test_iteration110_integration.TestExports" name="test_monthly_report_excel_has_new_columns" time="1.000"><failure message="AssertionError: assert 'Orders Collected' in 'Per-Salesman Roll-up |  |  |  |  |  |  |  |  | '">E   AssertionError: assert 'Orders Collected' in 'Per-Salesman Roll-up |  |  |  |  |  |  |  |  | '</failure></testcase></testsuite></testsuites>