<?xml version="1.0" encoding="utf-8"?><testsuites name="pytest tests"><testsuite name="pytest" errors="0" failures="0" skipped="0" tests="20" time="4.480" timestamp="2026-04-10T03:07:59.519262+00:00" hostname="agent-env-5924a6db-6746-445a-85a8-e042183d38b7"><testcase classname="backend.tests.test_iteration19_multicompany.TestAdminLogin" name="test_admin_login_success" time="0.511" /><testcase classname="backend.tests.test_iteration19_multicompany.TestAdminLogin" name="test_admin_has_two_companies" time="0.353" /><testcase classname="backend.tests.test_iteration19_multicompany.TestAdminLogin" name="test_admin_companies_include_asa" time="0.343" /><testcase classname="backend.tests.test_iteration19_multicompany.TestAdminLogin" name="test_admin_companies_include_demo" time="0.359" /><testcase classname="backend.tests.test_iteration19_multicompany.TestInventoryIsolation" name="test_asa_inventory_count" time="0.512" /><testcase classname="backend.tests.test_iteration19_multicompany.TestInventoryIsolation" name="test_demo_inventory_count" time="0.115" /><testcase classname="backend.tests.test_iteration19_multicompany.TestInventoryIsolation" name="test_inventory_summary_asa" time="0.115" /><testcase classname="backend.tests.test_iteration19_multicompany.TestInventoryIsolation" name="test_inventory_summary_demo" time="0.113" /><testcase classname="backend.tests.test_iteration19_multicompany.TestSalesIsolation" name="test_asa_sales_count" time="0.218" /><testcase classname="backend.tests.test_iteration19_multicompany.TestSalesIsolation" name="test_demo_sales_count" time="0.132" /><testcase classname="backend.tests.test_iteration19_multicompany.TestSalesIsolation" name="test_sales_summary_asa" time="0.120" /><testcase classname="backend.tests.test_iteration19_multicompany.TestSalesIsolation" name="test_sales_summary_demo" time="0.182" /><testcase classname="backend.tests.test_iteration19_multicompany.TestCustomerIsolation" name="test_asa_customers" time="0.123" /><testcase classname="backend.tests.test_iteration19_multicompany.TestCustomerIsolation" name="test_demo_customers" time="0.109" /><testcase classname="backend.tests.test_iteration19_multicompany.TestDashboardIsolation" name="test_dashboard_reminders_asa" time="0.100" /><testcase classname="backend.tests.test_iteration19_multicompany.TestDashboardIsolation" name="test_dashboard_reminders_demo" time="0.120" /><testcase classname="backend.tests.test_iteration19_multicompany.TestSyncStatusIsolation" name="test_sync_connection_status_asa" time="0.117" /><testcase classname="backend.tests.test_iteration19_multicompany.TestSyncStatusIsolation" name="test_sync_connection_status_demo" time="0.119" /><testcase classname="backend.tests.test_iteration19_multicompany.TestCompanySwitching" name="test_inventory_differs_between_companies" time="0.308" /><testcase classname="backend.tests.test_iteration19_multicompany.TestCompanySwitching" name="test_sales_differs_between_companies" time="0.321" /></testsuite></testsuites>