<?xml version="1.0" encoding="utf-8"?><testsuites name="pytest tests"><testsuite name="pytest" errors="0" failures="0" skipped="0" tests="12" time="20.685" timestamp="2026-08-23T06:41:49.827700+00:00" hostname="agent-env-5924a6db-6746-445a-85a8-e042183d38b7"><testcase classname="backend.tests.test_p0_security_and_concurrency" name="test_insights_unauth_rejected[/api/insights/customer-lifecycle]" time="11.391" /><testcase classname="backend.tests.test_p0_security_and_concurrency" name="test_insights_unauth_rejected[/api/insights/sales-forecast]" time="0.112" /><testcase classname="backend.tests.test_p0_security_and_concurrency" name="test_insights_unauth_rejected[/api/insights/spip-analysis]" time="0.089" /><testcase classname="backend.tests.test_p0_security_and_concurrency" name="test_insights_unauth_rejected[/api/insights/concentration-risk]" time="0.098" /><testcase classname="backend.tests.test_p0_security_and_concurrency" name="test_insights_authenticated_ok[/api/insights/customer-lifecycle]" time="2.354" /><testcase classname="backend.tests.test_p0_security_and_concurrency" name="test_insights_authenticated_ok[/api/insights/sales-forecast]" time="0.823" /><testcase classname="backend.tests.test_p0_security_and_concurrency" name="test_insights_authenticated_ok[/api/insights/spip-analysis]" time="1.880" /><testcase classname="backend.tests.test_p0_security_and_concurrency" name="test_insights_authenticated_ok[/api/insights/concentration-risk]" time="0.832" /><testcase classname="backend.tests.test_p0_security_and_concurrency" name="test_forecast_overview_unauth_401" time="0.090" /><testcase classname="backend.tests.test_p0_security_and_concurrency" name="test_forecast_overview_authenticated" time="0.822" /><testcase classname="backend.tests.test_p0_security_and_concurrency" name="test_forecast_season_authenticated" time="0.322" /><testcase classname="backend.tests.test_p0_security_and_concurrency" name="test_event_loop_not_blocked_by_forecast" time="1.765" /></testsuite></testsuites>