<?xml version="1.0" encoding="utf-8"?><testsuites name="pytest tests"><testsuite name="pytest" errors="0" failures="1" skipped="0" tests="23" time="14.645" timestamp="2026-04-06T17:56:46.100199+00:00" hostname="agent-env-5924a6db-6746-445a-85a8-e042183d38b7"><testcase classname="backend.tests.test_api_endpoints.TestAuthEndpoints" name="test_send_otp_success" time="0.281" /><testcase classname="backend.tests.test_api_endpoints.TestAuthEndpoints" name="test_verify_otp_success" time="0.311" /><testcase classname="backend.tests.test_api_endpoints.TestAuthEndpoints" name="test_verify_otp_invalid" time="0.122" /><testcase classname="backend.tests.test_api_endpoints.TestAuthEndpoints" name="test_verify_session" time="0.419" /><testcase classname="backend.tests.test_api_endpoints.TestAuthEndpoints" name="test_logout" time="0.430" /><testcase classname="backend.tests.test_api_endpoints.TestInventoryEndpoints" name="test_get_inventory_items" time="0.135" /><testcase classname="backend.tests.test_api_endpoints.TestInventoryEndpoints" name="test_get_inventory_summary" time="0.129" /><testcase classname="backend.tests.test_api_endpoints.TestInventoryEndpoints" name="test_get_inventory_movement" time="0.115" /><testcase classname="backend.tests.test_api_endpoints.TestInventoryEndpoints" name="test_get_below_cost_sales" time="0.156"><failure message="assert False == True">backend/tests/test_api_endpoints.py:146: in test_get_below_cost_sales
    assert data["success"] == True
E   assert False == True</failure></testcase><testcase classname="backend.tests.test_api_endpoints.TestInventoryEndpoints" name="test_get_pivot_data" time="0.123" /><testcase classname="backend.tests.test_api_endpoints.TestInventoryEndpoints" name="test_get_sales_frequency" time="0.124" /><testcase classname="backend.tests.test_api_endpoints.TestSalesEndpoints" name="test_get_sales_vouchers" time="0.130" /><testcase classname="backend.tests.test_api_endpoints.TestSalesEndpoints" name="test_get_sales_summary" time="0.114" /><testcase classname="backend.tests.test_api_endpoints.TestSalesEndpoints" name="test_get_sales_analytics" time="0.116" /><testcase classname="backend.tests.test_api_endpoints.TestCRMEndpoints" name="test_get_customer_outstanding" time="0.119" /><testcase classname="backend.tests.test_api_endpoints.TestCRMEndpoints" name="test_get_customer_targets" time="0.141" /><testcase classname="backend.tests.test_api_endpoints.TestCRMEndpoints" name="test_get_payment_behavior" time="0.145" /><testcase classname="backend.tests.test_api_endpoints.TestCRMEndpoints" name="test_get_followups" time="0.182" /><testcase classname="backend.tests.test_api_endpoints.TestSalesmanEndpoints" name="test_get_salesman_performance" time="0.127" /><testcase classname="backend.tests.test_api_endpoints.TestAIPurchaseOrderEndpoint" name="test_generate_purchase_order" time="10.643" /><testcase classname="backend.tests.test_api_endpoints.TestAIPurchaseOrderEndpoint" name="test_get_purchase_orders" time="0.138" /><testcase classname="backend.tests.test_api_endpoints.TestTallyEndpoints" name="test_get_tally_status" time="0.181" /><testcase classname="backend.tests.test_api_endpoints.TestTallyEndpoints" name="test_get_sync_status" time="0.128" /></testsuite></testsuites>